Log file open, 11/24/20 16:59:34
LogInit: Display: Running engine for game: Bofemian_Rhapsody
LogPlatformFile: Not using cached read wrapper
LogTaskGraph: Started task graph with 5 named threads and 47 total threads with 3 sets of task threads.
LogStats: Stats thread started at 0.196182
LogD3D11RHI: Loaded GFSDK_Aftermath_Lib.x64.dll
LogICUInternationalization: ICU TimeZone Detection - Raw Offset: +1:00, Platform Override: ''
LogPluginManager: Mounting plugin Paper2D
LogPluginManager: Mounting plugin AISupport
LogPluginManager: Mounting plugin LightPropagationVolume
LogPluginManager: Mounting plugin CameraShakePreviewer
LogPluginManager: Mounting plugin ActorLayerUtilities
LogPluginManager: Mounting plugin AnimationSharing
LogPluginManager: Mounting plugin CLionSourceCodeAccess
LogPluginManager: Mounting plugin CodeLiteSourceCodeAccess
LogPluginManager: Mounting plugin GitSourceControl
LogPluginManager: Mounting plugin KDevelopSourceCodeAccess
LogPluginManager: Mounting plugin NullSourceCodeAccess
LogPluginManager: Mounting plugin PerforceSourceControl
LogPluginManager: Mounting plugin PlasticSourceControl
LogPluginManager: Mounting plugin RiderSourceCodeAccess
LogPluginManager: Mounting plugin SubversionSourceControl
LogPluginManager: Mounting plugin UObjectPlugin
LogPluginManager: Mounting plugin VisualStudioCodeSourceCodeAccess
LogPluginManager: Mounting plugin VisualStudioSourceCodeAccess
LogPluginManager: Mounting plugin XCodeSourceCodeAccess
LogPluginManager: Mounting plugin AssetManagerEditor
LogPluginManager: Mounting plugin CryptoKeys
LogPluginManager: Mounting plugin CurveEditorTools
LogPluginManager: Mounting plugin DataValidation
LogPluginManager: Mounting plugin EditorScriptingUtilities
LogPluginManager: Mounting plugin FacialAnimation
LogPluginManager: Mounting plugin GameplayTagsEditor
LogPluginManager: Mounting plugin GeometryMode
LogPluginManager: Mounting plugin MacGraphicsSwitching
LogPluginManager: Mounting plugin MaterialAnalyzer
LogPluginManager: Mounting plugin MobileLauncherProfileWizard
LogPluginManager: Mounting plugin PluginBrowser
LogPluginManager: Mounting plugin SpeedTreeImporter
LogPluginManager: Mounting plugin DatasmithContent
LogPluginManager: Mounting plugin VariantManagerContent
LogPluginManager: Mounting plugin AlembicImporter
LogPluginManager: Mounting plugin AutomationUtils
LogPluginManager: Mounting plugin BackChannel
LogPluginManager: Mounting plugin ChaosCloth
LogPluginManager: Mounting plugin ChaosClothEditor
LogPluginManager: Mounting plugin ChaosEditor
LogPluginManager: Mounting plugin ChaosNiagara
LogPluginManager: Mounting plugin ChaosSolverPlugin
LogPluginManager: Mounting plugin CharacterAI
LogPluginManager: Mounting plugin GeometryCache
LogPluginManager: Mounting plugin GeometryCollectionPlugin
LogPluginManager: Mounting plugin GeometryProcessing
LogPluginManager: Mounting plugin PlanarCut
LogPluginManager: Mounting plugin PlatformCrypto
LogPluginManager: Mounting plugin ProxyLODPlugin
LogPluginManager: Mounting plugin SkeletalReduction
LogPluginManager: Mounting plugin Niagara
LogPluginManager: Mounting plugin MagicLeap
LogPluginManager: Mounting plugin MagicLeapLightEstimation
LogPluginManager: Mounting plugin MagicLeapMedia
LogPluginManager: Mounting plugin MagicLeapPassableWorld
LogPluginManager: Mounting plugin MLSDK
LogPluginManager: Mounting plugin AndroidMedia
LogPluginManager: Mounting plugin AvfMedia
LogPluginManager: Mounting plugin ImgMedia
LogPluginManager: Mounting plugin MediaCompositing
LogPluginManager: Mounting plugin MediaPlayerEditor
LogPluginManager: Mounting plugin WebMMedia
LogPluginManager: Mounting plugin WmfMedia
LogPluginManager: Mounting plugin MeshPainting
LogPluginManager: Mounting plugin TcpMessaging
LogPluginManager: Mounting plugin UdpMessaging
LogPluginManager: Mounting plugin ActorSequence
LogPluginManager: Mounting plugin LevelSequenceEditor
LogPluginManager: Mounting plugin MatineeToLevelSequence
LogPluginManager: Mounting plugin MovieRenderPipeline
LogPluginManager: Mounting plugin TemplateSequence
LogPluginManager: Mounting plugin NetcodeUnitTest
LogPluginManager: Mounting plugin NUTUnrealEngine4
LogPluginManager: Mounting plugin OnlineSubsystemGooglePlay
LogPluginManager: Mounting plugin OnlineSubsystemIOS
LogPluginManager: Mounting plugin OnlineSubsystem
LogPluginManager: Mounting plugin OnlineSubsystemNull
LogPluginManager: Mounting plugin OnlineSubsystemUtils
LogPluginManager: Mounting plugin LauncherChunkInstaller
LogPluginManager: Mounting plugin AndroidDeviceProfileSelector
LogPluginManager: Mounting plugin AndroidMoviePlayer
LogPluginManager: Mounting plugin AndroidPermission
LogPluginManager: Mounting plugin AppleImageUtils
LogPluginManager: Mounting plugin AppleMoviePlayer
LogPluginManager: Mounting plugin ArchVisCharacter
LogPluginManager: Mounting plugin AssetTags
LogPluginManager: Mounting plugin AudioCapture
LogPluginManager: Mounting plugin CableComponent
LogPluginManager: Mounting plugin CustomMeshComponent
LogPluginManager: Mounting plugin EditableMesh
LogPluginManager: Mounting plugin ExampleDeviceProfileSelector
LogPluginManager: Mounting plugin GoogleCloudMessaging
LogPluginManager: Mounting plugin GooglePAD
LogPluginManager: Mounting plugin IOSDeviceProfileSelector
LogPluginManager: Mounting plugin LinuxDeviceProfileSelector
LogPluginManager: Mounting plugin LocationServicesBPLibrary
LogPluginManager: Mounting plugin MobilePatchingUtils
LogPluginManager: Mounting plugin OculusVR
LogPluginManager: Mounting plugin PhysXVehicles
LogPluginManager: Mounting plugin PostSplashScreen
LogPluginManager: Mounting plugin ProceduralMeshComponent
LogPluginManager: Mounting plugin RuntimePhysXCooking
LogPluginManager: Mounting plugin SignificanceManager
LogPluginManager: Mounting plugin SoundFields
LogPluginManager: Mounting plugin SteamVR
LogPluginManager: Mounting plugin Synthesis
LogPluginManager: Mounting plugin WebMMoviePlayer
LogPluginManager: Mounting plugin WindowsMoviePlayer
LogPluginManager: Mounting plugin ScreenshotTools
LogInit: Using libcurl 7.55.1-DEV
LogInit:  - built for x86_64-pc-win32
LogInit:  - supports SSL with OpenSSL/1.1.1
LogInit:  - supports HTTP deflate (compression) using libz 1.2.8
LogInit:  - other features:
LogInit:      CURL_VERSION_SSL
LogInit:      CURL_VERSION_LIBZ
LogInit:      CURL_VERSION_IPV6
LogInit:      CURL_VERSION_ASYNCHDNS
LogInit:      CURL_VERSION_LARGEFILE
LogInit:      CURL_VERSION_IDN
LogInit:  CurlRequestOptions (configurable via config and command line):
LogInit:  - bVerifyPeer = true  - Libcurl will verify peer certificate
LogInit:  - bUseHttpProxy = false  - Libcurl will NOT use HTTP proxy
LogInit:  - bDontReuseConnections = false  - Libcurl will reuse connections
LogInit:  - MaxHostConnections = 16  - Libcurl will limit the number of connections to a host
LogInit:  - LocalHostAddr = Default
LogInit:  - BufferSize = 65536
LogOnline: OSS: Creating online subsystem instance for: NULL
LogInit: WinSock: version 1.1 (2.2), MaxSocks=32767, MaxUdp=65467
LogOnline: OSS: TryLoadSubsystemAndSetDefault: Loaded subsystem for module [NULL]
LogOculusPluginWrapper: OculusPlugin initialized successfully
LogHMD: Failed initializing OVRPlugin 1.44.0
LogInit: Build: ++UE4+Release-4.25-CL-14469661
LogInit: Engine Version: 4.25.4-14469661+++UE4+Release-4.25
LogInit: Compatible Engine Version: 4.25.0-13144385+++UE4+Release-4.25
LogInit: Net CL: 13144385
LogInit: OS: Windows 10 (Release 1909) (), CPU: AMD Ryzen 7 1700 Eight-Core Processor          , GPU: NVIDIA GeForce GTX 1060 6GB
LogInit: Compiled (64-bit): Oct 11 2020 08:10:49
LogInit: Compiled with Visual C++: 19.24.28315.00
LogInit: Build Configuration: Development
LogInit: Branch Name: ++UE4+Release-4.25
LogInit: Command Line: 
LogInit: Base Directory: D:/Program Files/Epic Games/UE_4.25/Engine/Binaries/Win64/
LogInit: Allocator: TBB
LogInit: Installed Engine Build: 1
LogDevObjectVersion: Number of dev versions registered: 26
LogDevObjectVersion:   Dev-Blueprints (B0D832E4-1F89-4F0D-ACCF-7EB736FD4AA2): 10
LogDevObjectVersion:   Dev-Build (E1C64328-A22C-4D53-A36C-8E866417BD8C): 0
LogDevObjectVersion:   Dev-Core (375EC13C-06E4-48FB-B500-84F0262A717E): 4
LogDevObjectVersion:   Dev-Editor (E4B068ED-F494-42E9-A231-DA0B2E46BB41): 38
LogDevObjectVersion:   Dev-Framework (CFFC743F-43B0-4480-9391-14DF171D2073): 37
LogDevObjectVersion:   Dev-Mobile (B02B49B5-BB20-44E9-A304-32B752E40360): 2
LogDevObjectVersion:   Dev-Networking (A4E4105C-59A1-49B5-A7C5-40C4547EDFEE): 0
LogDevObjectVersion:   Dev-Online (39C831C9-5AE6-47DC-9A44-9C173E1C8E7C): 0
LogDevObjectVersion:   Dev-Physics (78F01B33-EBEA-4F98-B9B4-84EACCB95AA2): 4
LogDevObjectVersion:   Dev-Platform (6631380F-2D4D-43E0-8009-CF276956A95A): 0
LogDevObjectVersion:   Dev-Rendering (12F88B9F-8875-4AFC-A67C-D90C383ABD29): 43
LogDevObjectVersion:   Dev-Sequencer (7B5AE74C-D270-4C10-A958-57980B212A5A): 12
LogDevObjectVersion:   Dev-VR (D7296918-1DD6-4BDD-9DE2-64A83CC13884): 3
LogDevObjectVersion:   Dev-LoadTimes (C2A15278-BFE7-4AFE-6C17-90FF531DF755): 1
LogDevObjectVersion:   Private-Geometry (6EACA3D4-40EC-4CC1-B786-8BED09428FC5): 3
LogDevObjectVersion:   Dev-AnimPhys (29E575DD-E0A3-4627-9D10-D276232CDCEA): 17
LogDevObjectVersion:   Dev-Anim (AF43A65D-7FD3-4947-9873-3E8ED9C1BB05): 7
LogDevObjectVersion:   Dev-ReflectionCapture (6B266CEC-1EC7-4B8F-A30B-E4D90942FC07): 1
LogDevObjectVersion:   Dev-Automation (0DF73D61-A23F-47EA-B727-89E90C41499A): 1
LogDevObjectVersion:   FortniteMain (601D1886-AC64-4F84-AA16-D3DE0DEAC7D6): 31
LogDevObjectVersion:   Dev-Enterprise (9DFFBCD6-494F-0158-E221-12823C92A888): 10
LogDevObjectVersion:   Dev-Niagara (F2AED0AC-9AFE-416F-8664-AA7FFA26D6FC): 1
LogDevObjectVersion:   Dev-Destruction (174F1F0B-B4C6-45A5-B13F-2EE8D0FB917D): 10
LogDevObjectVersion:   Dev-Physics-Ext (35F94A83-E258-406C-A318-09F59610247C): 37
LogDevObjectVersion:   Dev-PhysicsMaterial-Chaos (B68FC16E-8B1B-42E2-B453-215C058844FE): 1
LogDevObjectVersion:   Dev-CineCamera (B2E18506-4273-CFC2-A54E-F4BB758BBA07): 1
LogInit: Presizing for max 25165824 objects, including 0 objects not considered by GC, pre-allocating 0 bytes for permanent pool.
LogConfig: Applying CVar settings from Section [/Script/Engine.StreamingSettings] File [D:/01-ALMACEN/00-VENDING MACHINE/UNREAL MOTO EMUP/REPO/Bof-Ops/Saved/Config/Windows/Engine.ini]
LogConfig: Setting CVar [[s.MinBulkDataSizeForAsyncLoading:131072]]
LogConfig: Setting CVar [[s.AsyncLoadingThreadEnabled:0]]
LogConfig: Setting CVar [[s.EventDrivenLoaderEnabled:1]]
LogConfig: Setting CVar [[s.WarnIfTimeLimitExceeded:0]]
LogConfig: Setting CVar [[s.TimeLimitExceededMultiplier:1.5]]
LogConfig: Setting CVar [[s.TimeLimitExceededMinTime:0.005]]
LogConfig: Setting CVar [[s.UseBackgroundLevelStreaming:1]]
LogConfig: Setting CVar [[s.PriorityAsyncLoadingExtraTime:15.0]]
LogConfig: Setting CVar [[s.LevelStreamingActorsUpdateTimeLimit:5.0]]
LogConfig: Setting CVar [[s.PriorityLevelStreamingActorsUpdateExtraTime:5.0]]
LogConfig: Setting CVar [[s.LevelStreamingComponentsRegistrationGranularity:10]]
LogConfig: Setting CVar [[s.UnregisterComponentsTimeLimit:1.0]]
LogConfig: Setting CVar [[s.LevelStreamingComponentsUnregistrationGranularity:5]]
LogConfig: Setting CVar [[s.FlushStreamingOnExit:1]]
LogInit: Object subsystem initialized
LogConfig: Setting CVar [[con.DebugEarlyDefault:1]]
LogConfig: Setting CVar [[r.setres:1280x720]]
[2020.11.24-15.59.35:593][  0]LogConfig: Setting CVar [[r.VSync:0]]
[2020.11.24-15.59.35:593][  0]LogConfig: Setting CVar [[r.RHICmdBypass:0]]
[2020.11.24-15.59.35:593][  0]LogConfig: Applying CVar settings from Section [/Script/Engine.RendererSettings] File [D:/01-ALMACEN/00-VENDING MACHINE/UNREAL MOTO EMUP/REPO/Bof-Ops/Saved/Config/Windows/Engine.ini]
[2020.11.24-15.59.35:593][  0]LogConfig: Setting CVar [[r.GPUCrashDebugging:0]]
[2020.11.24-15.59.35:593][  0]LogConfig: Applying CVar settings from Section [/Script/Engine.RendererOverrideSettings] File [D:/01-ALMACEN/00-VENDING MACHINE/UNREAL MOTO EMUP/REPO/Bof-Ops/Saved/Config/Windows/Engine.ini]
[2020.11.24-15.59.35:593][  0]LogConfig: Applying CVar settings from Section [/Script/Engine.StreamingSettings] File [D:/01-ALMACEN/00-VENDING MACHINE/UNREAL MOTO EMUP/REPO/Bof-Ops/Saved/Config/Windows/Engine.ini]
[2020.11.24-15.59.35:593][  0]LogConfig: Setting CVar [[s.MinBulkDataSizeForAsyncLoading:131072]]
[2020.11.24-15.59.35:593][  0]LogConfig: Setting CVar [[s.AsyncLoadingThreadEnabled:0]]
[2020.11.24-15.59.35:593][  0]LogConfig: Setting CVar [[s.EventDrivenLoaderEnabled:1]]
[2020.11.24-15.59.35:593][  0]LogConfig: Setting CVar [[s.WarnIfTimeLimitExceeded:0]]
[2020.11.24-15.59.35:593][  0]LogConfig: Setting CVar [[s.TimeLimitExceededMultiplier:1.5]]
[2020.11.24-15.59.35:593][  0]LogConfig: Setting CVar [[s.TimeLimitExceededMinTime:0.005]]
[2020.11.24-15.59.35:593][  0]LogConfig: Setting CVar [[s.UseBackgroundLevelStreaming:1]]
[2020.11.24-15.59.35:593][  0]LogConfig: Setting CVar [[s.PriorityAsyncLoadingExtraTime:15.0]]
[2020.11.24-15.59.35:593][  0]LogConfig: Setting CVar [[s.LevelStreamingActorsUpdateTimeLimit:5.0]]
[2020.11.24-15.59.35:593][  0]LogConfig: Setting CVar [[s.PriorityLevelStreamingActorsUpdateExtraTime:5.0]]
[2020.11.24-15.59.35:593][  0]LogConfig: Setting CVar [[s.LevelStreamingComponentsRegistrationGranularity:10]]
[2020.11.24-15.59.35:593][  0]LogConfig: Setting CVar [[s.UnregisterComponentsTimeLimit:1.0]]
[2020.11.24-15.59.35:594][  0]LogConfig: Setting CVar [[s.LevelStreamingComponentsUnregistrationGranularity:5]]
[2020.11.24-15.59.35:594][  0]LogConfig: Setting CVar [[s.FlushStreamingOnExit:1]]
[2020.11.24-15.59.35:594][  0]LogConfig: Applying CVar settings from Section [/Script/Engine.GarbageCollectionSettings] File [D:/01-ALMACEN/00-VENDING MACHINE/UNREAL MOTO EMUP/REPO/Bof-Ops/Saved/Config/Windows/Engine.ini]
[2020.11.24-15.59.35:594][  0]LogConfig: Setting CVar [[gc.MaxObjectsNotConsideredByGC:1]]
[2020.11.24-15.59.35:594][  0]LogConfig: Setting CVar [[gc.SizeOfPermanentObjectPool:0]]
[2020.11.24-15.59.35:594][  0]LogConfig: Setting CVar [[gc.FlushStreamingOnGC:0]]
[2020.11.24-15.59.35:594][  0]LogConfig: Setting CVar [[gc.NumRetriesBeforeForcingGC:10]]
[2020.11.24-15.59.35:594][  0]LogConfig: Setting CVar [[gc.AllowParallelGC:1]]
[2020.11.24-15.59.35:594][  0]LogConfig: Setting CVar [[gc.TimeBetweenPurgingPendingKillObjects:61.1]]
[2020.11.24-15.59.35:594][  0]LogConfig: Setting CVar [[gc.MaxObjectsInEditor:25165824]]
[2020.11.24-15.59.35:594][  0]LogConfig: Setting CVar [[gc.IncrementalBeginDestroyEnabled:1]]
[2020.11.24-15.59.35:594][  0]LogConfig: Setting CVar [[gc.CreateGCClusters:1]]
[2020.11.24-15.59.35:594][  0]LogConfig: Setting CVar [[gc.MinGCClusterSize:5]]
[2020.11.24-15.59.35:594][  0]LogConfig: Setting CVar [[gc.ActorClusteringEnabled:0]]
[2020.11.24-15.59.35:594][  0]LogConfig: Setting CVar [[gc.BlueprintClusteringEnabled:0]]
[2020.11.24-15.59.35:594][  0]LogConfig: Setting CVar [[gc.UseDisregardForGCOnDedicatedServers:0]]
[2020.11.24-15.59.35:594][  0]LogConfig: Applying CVar settings from Section [/Script/Engine.NetworkSettings] File [D:/01-ALMACEN/00-VENDING MACHINE/UNREAL MOTO EMUP/REPO/Bof-Ops/Saved/Config/Windows/Engine.ini]
[2020.11.24-15.59.35:594][  0]LogConfig: Applying CVar settings from Section [/Script/UnrealEd.CookerSettings] File [D:/01-ALMACEN/00-VENDING MACHINE/UNREAL MOTO EMUP/REPO/Bof-Ops/Saved/Config/Windows/Engine.ini]
[2020.11.24-15.59.35:596][  0]LogConfig: Applying CVar settings from Section [ViewDistanceQuality@3] File [D:/01-ALMACEN/00-VENDING MACHINE/UNREAL MOTO EMUP/REPO/Bof-Ops/Saved/Config/Windows/Scalability.ini]
[2020.11.24-15.59.35:596][  0]LogConfig: Setting CVar [[r.SkeletalMeshLODBias:0]]
[2020.11.24-15.59.35:596][  0]LogConfig: Setting CVar [[r.ViewDistanceScale:1.0]]
[2020.11.24-15.59.35:596][  0]LogConfig: Applying CVar settings from Section [AntiAliasingQuality@3] File [D:/01-ALMACEN/00-VENDING MACHINE/UNREAL MOTO EMUP/REPO/Bof-Ops/Saved/Config/Windows/Scalability.ini]
[2020.11.24-15.59.35:596][  0]LogConfig: Setting CVar [[r.PostProcessAAQuality:4]]
[2020.11.24-15.59.35:596][  0]LogConfig: Applying CVar settings from Section [ShadowQuality@3] File [D:/01-ALMACEN/00-VENDING MACHINE/UNREAL MOTO EMUP/REPO/Bof-Ops/Saved/Config/Windows/Scalability.ini]
[2020.11.24-15.59.35:596][  0]LogConfig: Setting CVar [[r.LightFunctionQuality:1]]
[2020.11.24-15.59.35:596][  0]LogConfig: Setting CVar [[r.ShadowQuality:5]]
[2020.11.24-15.59.35:596][  0]LogConfig: Setting CVar [[r.Shadow.CSM.MaxCascades:10]]
[2020.11.24-15.59.35:596][  0]LogConfig: Setting CVar [[r.Shadow.MaxResolution:2048]]
[2020.11.24-15.59.35:596][  0]LogConfig: Setting CVar [[r.Shadow.MaxCSMResolution:2048]]
[2020.11.24-15.59.35:596][  0]LogConfig: Setting CVar [[r.Shadow.RadiusThreshold:0.01]]
[2020.11.24-15.59.35:596][  0]LogConfig: Setting CVar [[r.Shadow.DistanceScale:1.0]]
[2020.11.24-15.59.35:596][  0]LogConfig: Setting CVar [[r.Shadow.CSM.TransitionScale:1.0]]
[2020.11.24-15.59.35:596][  0]LogConfig: Setting CVar [[r.Shadow.PreShadowResolutionFactor:1.0]]
[2020.11.24-15.59.35:596][  0]LogConfig: Setting CVar [[r.DistanceFieldShadowing:1]]
[2020.11.24-15.59.35:596][  0]LogConfig: Setting CVar [[r.DistanceFieldAO:1]]
[2020.11.24-15.59.35:596][  0]LogConfig: Setting CVar [[r.AOQuality:2]]
[2020.11.24-15.59.35:597][  0]LogConfig: Setting CVar [[r.VolumetricFog:1]]
[2020.11.24-15.59.35:597][  0]LogConfig: Setting CVar [[r.VolumetricFog.GridPixelSize:8]]
[2020.11.24-15.59.35:597][  0]LogConfig: Setting CVar [[r.VolumetricFog.GridSizeZ:128]]
[2020.11.24-15.59.35:597][  0]LogConfig: Setting CVar [[r.VolumetricFog.HistoryMissSupersampleCount:4]]
[2020.11.24-15.59.35:597][  0]LogConfig: Setting CVar [[r.LightMaxDrawDistanceScale:1]]
[2020.11.24-15.59.35:597][  0]LogConfig: Setting CVar [[r.CapsuleShadows:1]]
[2020.11.24-15.59.35:597][  0]LogConfig: Applying CVar settings from Section [PostProcessQuality@3] File [D:/01-ALMACEN/00-VENDING MACHINE/UNREAL MOTO EMUP/REPO/Bof-Ops/Saved/Config/Windows/Scalability.ini]
[2020.11.24-15.59.35:597][  0]LogConfig: Setting CVar [[r.MotionBlurQuality:4]]
[2020.11.24-15.59.35:597][  0]LogConfig: Setting CVar [[r.AmbientOcclusionMipLevelFactor:0.4]]
[2020.11.24-15.59.35:597][  0]LogConfig: Setting CVar [[r.AmbientOcclusionMaxQuality:100]]
[2020.11.24-15.59.35:597][  0]LogConfig: Setting CVar [[r.AmbientOcclusionLevels:-1]]
[2020.11.24-15.59.35:597][  0]LogConfig: Setting CVar [[r.AmbientOcclusionRadiusScale:1.0]]
[2020.11.24-15.59.35:597][  0]LogConfig: Setting CVar [[r.DepthOfFieldQuality:2]]
[2020.11.24-15.59.35:597][  0]LogConfig: Setting CVar [[r.RenderTargetPoolMin:400]]
[2020.11.24-15.59.35:597][  0]LogConfig: Setting CVar [[r.LensFlareQuality:2]]
[2020.11.24-15.59.35:597][  0]LogConfig: Setting CVar [[r.SceneColorFringeQuality:1]]
[2020.11.24-15.59.35:597][  0]LogConfig: Setting CVar [[r.EyeAdaptationQuality:2]]
[2020.11.24-15.59.35:597][  0]LogConfig: Setting CVar [[r.BloomQuality:5]]
[2020.11.24-15.59.35:597][  0]LogConfig: Setting CVar [[r.FastBlurThreshold:100]]
[2020.11.24-15.59.35:597][  0]LogConfig: Setting CVar [[r.Upscale.Quality:3]]
[2020.11.24-15.59.35:597][  0]LogConfig: Setting CVar [[r.Tonemapper.GrainQuantization:1]]
[2020.11.24-15.59.35:597][  0]LogConfig: Setting CVar [[r.LightShaftQuality:1]]
[2020.11.24-15.59.35:597][  0]LogConfig: Setting CVar [[r.Filter.SizeScale:1]]
[2020.11.24-15.59.35:597][  0]LogConfig: Setting CVar [[r.Tonemapper.Quality:5]]
[2020.11.24-15.59.35:597][  0]LogConfig: Setting CVar [[r.DOF.Gather.AccumulatorQuality:1        ; higher gathering accumulator quality]]
[2020.11.24-15.59.35:597][  0]LogConfig: Setting CVar [[r.DOF.Gather.PostfilterMethod:1          ; Median3x3 postfilering method]]
[2020.11.24-15.59.35:597][  0]LogConfig: Setting CVar [[r.DOF.Gather.EnableBokehSettings:0       ; no bokeh simulation when gathering]]
[2020.11.24-15.59.35:597][  0]LogConfig: Setting CVar [[r.DOF.Gather.RingCount:4                 ; medium number of samples when gathering]]
[2020.11.24-15.59.35:597][  0]LogConfig: Setting CVar [[r.DOF.Scatter.ForegroundCompositing:1    ; additive foreground scattering]]
[2020.11.24-15.59.35:597][  0]LogConfig: Setting CVar [[r.DOF.Scatter.BackgroundCompositing:2    ; additive background scattering]]
[2020.11.24-15.59.35:597][  0]LogConfig: Setting CVar [[r.DOF.Scatter.EnableBokehSettings:1      ; bokeh simulation when scattering]]
[2020.11.24-15.59.35:597][  0]LogConfig: Setting CVar [[r.DOF.Scatter.MaxSpriteRatio:0.1         ; only a maximum of 10% of scattered bokeh]]
[2020.11.24-15.59.35:597][  0]LogConfig: Setting CVar [[r.DOF.Recombine.Quality:1                ; cheap slight out of focus]]
[2020.11.24-15.59.35:597][  0]LogConfig: Setting CVar [[r.DOF.Recombine.EnableBokehSettings:0    ; no bokeh simulation on slight out of focus]]
[2020.11.24-15.59.35:597][  0]LogConfig: Setting CVar [[r.DOF.TemporalAAQuality:1                ; more stable temporal accumulation]]
[2020.11.24-15.59.35:597][  0]LogConfig: Setting CVar [[r.DOF.Kernel.MaxForegroundRadius:0.025]]
[2020.11.24-15.59.35:597][  0]LogConfig: Setting CVar [[r.DOF.Kernel.MaxBackgroundRadius:0.025]]
[2020.11.24-15.59.35:597][  0]LogConfig: Applying CVar settings from Section [TextureQuality@3] File [D:/01-ALMACEN/00-VENDING MACHINE/UNREAL MOTO EMUP/REPO/Bof-Ops/Saved/Config/Windows/Scalability.ini]
[2020.11.24-15.59.35:597][  0]LogConfig: Setting CVar [[r.Streaming.MipBias:0]]
[2020.11.24-15.59.35:597][  0]LogConfig: Setting CVar [[r.Streaming.AmortizeCPUToGPUCopy:0]]
[2020.11.24-15.59.35:597][  0]LogConfig: Setting CVar [[r.Streaming.MaxNumTexturesToStreamPerFrame:0]]
[2020.11.24-15.59.35:597][  0]LogConfig: Setting CVar [[r.Streaming.Boost:1]]
[2020.11.24-15.59.35:597][  0]LogConfig: Setting CVar [[r.MaxAnisotropy:8]]
[2020.11.24-15.59.35:597][  0]LogConfig: Setting CVar [[r.VT.MaxAnisotropy:8]]
[2020.11.24-15.59.35:597][  0]LogConfig: Setting CVar [[r.Streaming.LimitPoolSizeToVRAM:0]]
[2020.11.24-15.59.35:597][  0]LogConfig: Setting CVar [[r.Streaming.PoolSize:1000]]
[2020.11.24-15.59.35:597][  0]LogConfig: Setting CVar [[r.Streaming.MaxEffectiveScreenSize:0]]
[2020.11.24-15.59.35:597][  0]LogConfig: Applying CVar settings from Section [EffectsQuality@3] File [D:/01-ALMACEN/00-VENDING MACHINE/UNREAL MOTO EMUP/REPO/Bof-Ops/Saved/Config/Windows/Scalability.ini]
[2020.11.24-15.59.35:597][  0]LogConfig: Setting CVar [[r.TranslucencyLightingVolumeDim:64]]
[2020.11.24-15.59.35:597][  0]LogConfig: Setting CVar [[r.RefractionQuality:2]]
[2020.11.24-15.59.35:597][  0]LogConfig: Setting CVar [[r.SSR.Quality:3]]
[2020.11.24-15.59.35:597][  0]LogConfig: Setting CVar [[r.SSR.HalfResSceneColor:0]]
[2020.11.24-15.59.35:597][  0]LogConfig: Setting CVar [[r.SceneColorFormat:4]]
[2020.11.24-15.59.35:597][  0]LogConfig: Setting CVar [[r.DetailMode:2]]
[2020.11.24-15.59.35:597][  0]LogConfig: Setting CVar [[r.TranslucencyVolumeBlur:1]]
[2020.11.24-15.59.35:597][  0]LogConfig: Setting CVar [[r.MaterialQualityLevel:1 ; High quality]]
[2020.11.24-15.59.35:597][  0]LogConfig: Setting CVar [[r.SSS.Scale:1]]
[2020.11.24-15.59.35:597][  0]LogConfig: Setting CVar [[r.SSS.SampleSet:2]]
[2020.11.24-15.59.35:597][  0]LogConfig: Setting CVar [[r.SSS.Quality:1]]
[2020.11.24-15.59.35:597][  0]LogConfig: Setting CVar [[r.SSS.HalfRes:0]]
[2020.11.24-15.59.35:597][  0]LogConfig: Setting CVar [[r.SSGI.Quality:3]]
[2020.11.24-15.59.35:597][  0]LogConfig: Setting CVar [[r.EmitterSpawnRateScale:1.0]]
[2020.11.24-15.59.35:597][  0]LogConfig: Setting CVar [[r.ParticleLightQuality:2]]
[2020.11.24-15.59.35:597][  0]LogConfig: Setting CVar [[r.SkyAtmosphere.AerialPerspectiveLUT.FastApplyOnOpaque:1 ; Always have FastSkyLUT 1 in this case to avoid wrong sky]]
[2020.11.24-15.59.35:598][  0]LogConfig: Setting CVar [[r.SkyAtmosphere.AerialPerspectiveLUT.SampleCountPerSlice:1]]
[2020.11.24-15.59.35:598][  0]LogConfig: Setting CVar [[r.SkyAtmosphere.AerialPerspectiveLUT.DepthResolution:16.0]]
[2020.11.24-15.59.35:598][  0]LogConfig: Setting CVar [[r.SkyAtmosphere.FastSkyLUT:1]]
[2020.11.24-15.59.35:598][  0]LogConfig: Setting CVar [[r.SkyAtmosphere.FastSkyLUT.SampleCountMin:4.0]]
[2020.11.24-15.59.35:598][  0]LogConfig: Setting CVar [[r.SkyAtmosphere.FastSkyLUT.SampleCountMax:32.0]]
[2020.11.24-15.59.35:598][  0]LogConfig: Setting CVar [[r.SkyAtmosphere.SampleCountMin:4.0]]
[2020.11.24-15.59.35:598][  0]LogConfig: Setting CVar [[r.SkyAtmosphere.SampleCountMax:32.0]]
[2020.11.24-15.59.35:598][  0]LogConfig: Setting CVar [[r.SkyAtmosphere.TransmittanceLUT.UseSmallFormat:0]]
[2020.11.24-15.59.35:598][  0]LogConfig: Setting CVar [[r.SkyAtmosphere.TransmittanceLUT.SampleCount:10.0]]
[2020.11.24-15.59.35:598][  0]LogConfig: Setting CVar [[r.SkyAtmosphere.MultiScatteringLUT.SampleCount:15.0]]
[2020.11.24-15.59.35:598][  0]LogConfig: Applying CVar settings from Section [FoliageQuality@3] File [D:/01-ALMACEN/00-VENDING MACHINE/UNREAL MOTO EMUP/REPO/Bof-Ops/Saved/Config/Windows/Scalability.ini]
[2020.11.24-15.59.35:598][  0]LogConfig: Setting CVar [[foliage.DensityScale:1.0]]
[2020.11.24-15.59.35:598][  0]LogConfig: Setting CVar [[grass.DensityScale:1.0]]
[2020.11.24-15.59.35:598][  0]LogConfig: Applying CVar settings from Section [ShadingQuality@3] File [D:/01-ALMACEN/00-VENDING MACHINE/UNREAL MOTO EMUP/REPO/Bof-Ops/Saved/Config/Windows/Scalability.ini]
[2020.11.24-15.59.35:598][  0]LogConfig: Setting CVar [[r.HairStrands.SkyLighting.SampleCount:16]]
[2020.11.24-15.59.35:598][  0]LogConfig: Setting CVar [[r.HairStrands.SkyLighting.JitterIntegration:0]]
[2020.11.24-15.59.35:598][  0]LogConfig: Setting CVar [[r.HairStrands.SkyAO.SampleCount:16]]
[2020.11.24-15.59.35:598][  0]LogConfig: Setting CVar [[r.HairStrands.DeepShadow.SuperSampling:0]]
[2020.11.24-15.59.35:598][  0]LogConfig: Setting CVar [[r.HairStrands.VisibilityPPLL:0]]
[2020.11.24-15.59.35:598][  0]LogConfig: Setting CVar [[r.HairStrands.RasterizationScale:0.5]]
[2020.11.24-15.59.35:598][  0]LogConfig: Setting CVar [[r.HairStrands.VelocityRasterizationScale:1]]
[2020.11.24-15.59.35:598][  0]LogInit: Selected Device Profile: [Windows]
[2020.11.24-15.59.35:598][  0]LogInit: Applying CVar settings loaded from the selected device profile: [Windows]
[2020.11.24-15.59.35:598][  0]LogHAL: Display: Platform has ~ 16 GB [17128624128 / 17179869184 / 16], which maps to Larger [LargestMinGB=32, LargerMinGB=12, DefaultMinGB=8, SmallerMinGB=6, SmallestMinGB=0)
[2020.11.24-15.59.35:598][  0]LogInit: Going up to parent DeviceProfile []
[2020.11.24-15.59.35:598][  0]LogConfig: Applying CVar settings from Section [ViewDistanceQuality@3] File [D:/01-ALMACEN/00-VENDING MACHINE/UNREAL MOTO EMUP/REPO/Bof-Ops/Saved/Config/Windows/Scalability.ini]
[2020.11.24-15.59.35:598][  0]LogConfig: Setting CVar [[r.SkeletalMeshLODBias:0]]
[2020.11.24-15.59.35:598][  0]LogConfig: Setting CVar [[r.ViewDistanceScale:1.0]]
[2020.11.24-15.59.35:598][  0]LogConfig: Applying CVar settings from Section [AntiAliasingQuality@3] File [D:/01-ALMACEN/00-VENDING MACHINE/UNREAL MOTO EMUP/REPO/Bof-Ops/Saved/Config/Windows/Scalability.ini]
[2020.11.24-15.59.35:598][  0]LogConfig: Setting CVar [[r.PostProcessAAQuality:4]]
[2020.11.24-15.59.35:598][  0]LogConfig: Applying CVar settings from Section [ShadowQuality@3] File [D:/01-ALMACEN/00-VENDING MACHINE/UNREAL MOTO EMUP/REPO/Bof-Ops/Saved/Config/Windows/Scalability.ini]
[2020.11.24-15.59.35:598][  0]LogConfig: Setting CVar [[r.LightFunctionQuality:1]]
[2020.11.24-15.59.35:598][  0]LogConfig: Setting CVar [[r.ShadowQuality:5]]
[2020.11.24-15.59.35:598][  0]LogConfig: Setting CVar [[r.Shadow.CSM.MaxCascades:10]]
[2020.11.24-15.59.35:598][  0]LogConfig: Setting CVar [[r.Shadow.MaxResolution:2048]]
[2020.11.24-15.59.35:598][  0]LogConfig: Setting CVar [[r.Shadow.MaxCSMResolution:2048]]
[2020.11.24-15.59.35:598][  0]LogConfig: Setting CVar [[r.Shadow.RadiusThreshold:0.01]]
[2020.11.24-15.59.35:598][  0]LogConfig: Setting CVar [[r.Shadow.DistanceScale:1.0]]
[2020.11.24-15.59.35:598][  0]LogConfig: Setting CVar [[r.Shadow.CSM.TransitionScale:1.0]]
[2020.11.24-15.59.35:598][  0]LogConfig: Setting CVar [[r.Shadow.PreShadowResolutionFactor:1.0]]
[2020.11.24-15.59.35:598][  0]LogConfig: Setting CVar [[r.DistanceFieldShadowing:1]]
[2020.11.24-15.59.35:598][  0]LogConfig: Setting CVar [[r.DistanceFieldAO:1]]
[2020.11.24-15.59.35:598][  0]LogConfig: Setting CVar [[r.AOQuality:2]]
[2020.11.24-15.59.35:598][  0]LogConfig: Setting CVar [[r.VolumetricFog:1]]
[2020.11.24-15.59.35:598][  0]LogConfig: Setting CVar [[r.VolumetricFog.GridPixelSize:8]]
[2020.11.24-15.59.35:598][  0]LogConfig: Setting CVar [[r.VolumetricFog.GridSizeZ:128]]
[2020.11.24-15.59.35:598][  0]LogConfig: Setting CVar [[r.VolumetricFog.HistoryMissSupersampleCount:4]]
[2020.11.24-15.59.35:598][  0]LogConfig: Setting CVar [[r.LightMaxDrawDistanceScale:1]]
[2020.11.24-15.59.35:598][  0]LogConfig: Setting CVar [[r.CapsuleShadows:1]]
[2020.11.24-15.59.35:598][  0]LogConfig: Applying CVar settings from Section [PostProcessQuality@3] File [D:/01-ALMACEN/00-VENDING MACHINE/UNREAL MOTO EMUP/REPO/Bof-Ops/Saved/Config/Windows/Scalability.ini]
[2020.11.24-15.59.35:598][  0]LogConfig: Setting CVar [[r.MotionBlurQuality:4]]
[2020.11.24-15.59.35:598][  0]LogConfig: Setting CVar [[r.AmbientOcclusionMipLevelFactor:0.4]]
[2020.11.24-15.59.35:598][  0]LogConfig: Setting CVar [[r.AmbientOcclusionMaxQuality:100]]
[2020.11.24-15.59.35:598][  0]LogConfig: Setting CVar [[r.AmbientOcclusionLevels:-1]]
[2020.11.24-15.59.35:599][  0]LogConfig: Setting CVar [[r.AmbientOcclusionRadiusScale:1.0]]
[2020.11.24-15.59.35:599][  0]LogConfig: Setting CVar [[r.DepthOfFieldQuality:2]]
[2020.11.24-15.59.35:599][  0]LogConfig: Setting CVar [[r.RenderTargetPoolMin:400]]
[2020.11.24-15.59.35:599][  0]LogConfig: Setting CVar [[r.LensFlareQuality:2]]
[2020.11.24-15.59.35:599][  0]LogConfig: Setting CVar [[r.SceneColorFringeQuality:1]]
[2020.11.24-15.59.35:599][  0]LogConfig: Setting CVar [[r.EyeAdaptationQuality:2]]
[2020.11.24-15.59.35:599][  0]LogConfig: Setting CVar [[r.BloomQuality:5]]
[2020.11.24-15.59.35:599][  0]LogConfig: Setting CVar [[r.FastBlurThreshold:100]]
[2020.11.24-15.59.35:599][  0]LogConfig: Setting CVar [[r.Upscale.Quality:3]]
[2020.11.24-15.59.35:599][  0]LogConfig: Setting CVar [[r.Tonemapper.GrainQuantization:1]]
[2020.11.24-15.59.35:599][  0]LogConfig: Setting CVar [[r.LightShaftQuality:1]]
[2020.11.24-15.59.35:599][  0]LogConfig: Setting CVar [[r.Filter.SizeScale:1]]
[2020.11.24-15.59.35:599][  0]LogConfig: Setting CVar [[r.Tonemapper.Quality:5]]
[2020.11.24-15.59.35:599][  0]LogConfig: Setting CVar [[r.DOF.Gather.AccumulatorQuality:1        ; higher gathering accumulator quality]]
[2020.11.24-15.59.35:599][  0]LogConfig: Setting CVar [[r.DOF.Gather.PostfilterMethod:1          ; Median3x3 postfilering method]]
[2020.11.24-15.59.35:599][  0]LogConfig: Setting CVar [[r.DOF.Gather.EnableBokehSettings:0       ; no bokeh simulation when gathering]]
[2020.11.24-15.59.35:599][  0]LogConfig: Setting CVar [[r.DOF.Gather.RingCount:4                 ; medium number of samples when gathering]]
[2020.11.24-15.59.35:599][  0]LogConfig: Setting CVar [[r.DOF.Scatter.ForegroundCompositing:1    ; additive foreground scattering]]
[2020.11.24-15.59.35:599][  0]LogConfig: Setting CVar [[r.DOF.Scatter.BackgroundCompositing:2    ; additive background scattering]]
[2020.11.24-15.59.35:599][  0]LogConfig: Setting CVar [[r.DOF.Scatter.EnableBokehSettings:1      ; bokeh simulation when scattering]]
[2020.11.24-15.59.35:599][  0]LogConfig: Setting CVar [[r.DOF.Scatter.MaxSpriteRatio:0.1         ; only a maximum of 10% of scattered bokeh]]
[2020.11.24-15.59.35:599][  0]LogConfig: Setting CVar [[r.DOF.Recombine.Quality:1                ; cheap slight out of focus]]
[2020.11.24-15.59.35:599][  0]LogConfig: Setting CVar [[r.DOF.Recombine.EnableBokehSettings:0    ; no bokeh simulation on slight out of focus]]
[2020.11.24-15.59.35:599][  0]LogConfig: Setting CVar [[r.DOF.TemporalAAQuality:1                ; more stable temporal accumulation]]
[2020.11.24-15.59.35:599][  0]LogConfig: Setting CVar [[r.DOF.Kernel.MaxForegroundRadius:0.025]]
[2020.11.24-15.59.35:599][  0]LogConfig: Setting CVar [[r.DOF.Kernel.MaxBackgroundRadius:0.025]]
[2020.11.24-15.59.35:599][  0]LogConfig: Applying CVar settings from Section [TextureQuality@3] File [D:/01-ALMACEN/00-VENDING MACHINE/UNREAL MOTO EMUP/REPO/Bof-Ops/Saved/Config/Windows/Scalability.ini]
[2020.11.24-15.59.35:599][  0]LogConfig: Setting CVar [[r.Streaming.MipBias:0]]
[2020.11.24-15.59.35:599][  0]LogConfig: Setting CVar [[r.Streaming.AmortizeCPUToGPUCopy:0]]
[2020.11.24-15.59.35:599][  0]LogConfig: Setting CVar [[r.Streaming.MaxNumTexturesToStreamPerFrame:0]]
[2020.11.24-15.59.35:599][  0]LogConfig: Setting CVar [[r.Streaming.Boost:1]]
[2020.11.24-15.59.35:599][  0]LogConfig: Setting CVar [[r.MaxAnisotropy:8]]
[2020.11.24-15.59.35:599][  0]LogConfig: Setting CVar [[r.VT.MaxAnisotropy:8]]
[2020.11.24-15.59.35:599][  0]LogConfig: Setting CVar [[r.Streaming.LimitPoolSizeToVRAM:0]]
[2020.11.24-15.59.35:599][  0]LogConfig: Setting CVar [[r.Streaming.PoolSize:1000]]
[2020.11.24-15.59.35:599][  0]LogConfig: Setting CVar [[r.Streaming.MaxEffectiveScreenSize:0]]
[2020.11.24-15.59.35:599][  0]LogConfig: Applying CVar settings from Section [EffectsQuality@3] File [D:/01-ALMACEN/00-VENDING MACHINE/UNREAL MOTO EMUP/REPO/Bof-Ops/Saved/Config/Windows/Scalability.ini]
[2020.11.24-15.59.35:599][  0]LogConfig: Setting CVar [[r.TranslucencyLightingVolumeDim:64]]
[2020.11.24-15.59.35:599][  0]LogConfig: Setting CVar [[r.RefractionQuality:2]]
[2020.11.24-15.59.35:599][  0]LogConfig: Setting CVar [[r.SSR.Quality:3]]
[2020.11.24-15.59.35:599][  0]LogConfig: Setting CVar [[r.SSR.HalfResSceneColor:0]]
[2020.11.24-15.59.35:599][  0]LogConfig: Setting CVar [[r.SceneColorFormat:4]]
[2020.11.24-15.59.35:599][  0]LogConfig: Setting CVar [[r.DetailMode:2]]
[2020.11.24-15.59.35:599][  0]LogConfig: Setting CVar [[r.TranslucencyVolumeBlur:1]]
[2020.11.24-15.59.35:599][  0]LogConfig: Setting CVar [[r.MaterialQualityLevel:1 ; High quality]]
[2020.11.24-15.59.35:599][  0]LogConfig: Setting CVar [[r.SSS.Scale:1]]
[2020.11.24-15.59.35:599][  0]LogConfig: Setting CVar [[r.SSS.SampleSet:2]]
[2020.11.24-15.59.35:599][  0]LogConfig: Setting CVar [[r.SSS.Quality:1]]
[2020.11.24-15.59.35:599][  0]LogConfig: Setting CVar [[r.SSS.HalfRes:0]]
[2020.11.24-15.59.35:599][  0]LogConfig: Setting CVar [[r.SSGI.Quality:3]]
[2020.11.24-15.59.35:599][  0]LogConfig: Setting CVar [[r.EmitterSpawnRateScale:1.0]]
[2020.11.24-15.59.35:599][  0]LogConfig: Setting CVar [[r.ParticleLightQuality:2]]
[2020.11.24-15.59.35:599][  0]LogConfig: Setting CVar [[r.SkyAtmosphere.AerialPerspectiveLUT.FastApplyOnOpaque:1 ; Always have FastSkyLUT 1 in this case to avoid wrong sky]]
[2020.11.24-15.59.35:599][  0]LogConfig: Setting CVar [[r.SkyAtmosphere.AerialPerspectiveLUT.SampleCountPerSlice:1]]
[2020.11.24-15.59.35:599][  0]LogConfig: Setting CVar [[r.SkyAtmosphere.AerialPerspectiveLUT.DepthResolution:16.0]]
[2020.11.24-15.59.35:599][  0]LogConfig: Setting CVar [[r.SkyAtmosphere.FastSkyLUT:1]]
[2020.11.24-15.59.35:599][  0]LogConfig: Setting CVar [[r.SkyAtmosphere.FastSkyLUT.SampleCountMin:4.0]]
[2020.11.24-15.59.35:599][  0]LogConfig: Setting CVar [[r.SkyAtmosphere.FastSkyLUT.SampleCountMax:32.0]]
[2020.11.24-15.59.35:599][  0]LogConfig: Setting CVar [[r.SkyAtmosphere.SampleCountMin:4.0]]
[2020.11.24-15.59.35:599][  0]LogConfig: Setting CVar [[r.SkyAtmosphere.SampleCountMax:32.0]]
[2020.11.24-15.59.35:599][  0]LogConfig: Setting CVar [[r.SkyAtmosphere.TransmittanceLUT.UseSmallFormat:0]]
[2020.11.24-15.59.35:599][  0]LogConfig: Setting CVar [[r.SkyAtmosphere.TransmittanceLUT.SampleCount:10.0]]
[2020.11.24-15.59.35:599][  0]LogConfig: Setting CVar [[r.SkyAtmosphere.MultiScatteringLUT.SampleCount:15.0]]
[2020.11.24-15.59.35:600][  0]LogConfig: Applying CVar settings from Section [FoliageQuality@3] File [D:/01-ALMACEN/00-VENDING MACHINE/UNREAL MOTO EMUP/REPO/Bof-Ops/Saved/Config/Windows/Scalability.ini]
[2020.11.24-15.59.35:600][  0]LogConfig: Setting CVar [[foliage.DensityScale:1.0]]
[2020.11.24-15.59.35:600][  0]LogConfig: Setting CVar [[grass.DensityScale:1.0]]
[2020.11.24-15.59.35:600][  0]LogConfig: Applying CVar settings from Section [ShadingQuality@3] File [D:/01-ALMACEN/00-VENDING MACHINE/UNREAL MOTO EMUP/REPO/Bof-Ops/Saved/Config/Windows/Scalability.ini]
[2020.11.24-15.59.35:600][  0]LogConfig: Setting CVar [[r.HairStrands.SkyLighting.SampleCount:16]]
[2020.11.24-15.59.35:600][  0]LogConfig: Setting CVar [[r.HairStrands.SkyLighting.JitterIntegration:0]]
[2020.11.24-15.59.35:600][  0]LogConfig: Setting CVar [[r.HairStrands.SkyAO.SampleCount:16]]
[2020.11.24-15.59.35:600][  0]LogConfig: Setting CVar [[r.HairStrands.DeepShadow.SuperSampling:0]]
[2020.11.24-15.59.35:600][  0]LogConfig: Setting CVar [[r.HairStrands.VisibilityPPLL:0]]
[2020.11.24-15.59.35:600][  0]LogConfig: Setting CVar [[r.HairStrands.RasterizationScale:0.5]]
[2020.11.24-15.59.35:600][  0]LogConfig: Setting CVar [[r.HairStrands.VelocityRasterizationScale:1]]
[2020.11.24-15.59.35:600][  0]LogConfig: Applying CVar settings from Section [Startup] File [../../../Engine/Config/ConsoleVariables.ini]
[2020.11.24-15.59.35:600][  0]LogConfig: Setting CVar [[net.UseAdaptiveNetUpdateFrequency:0]]
[2020.11.24-15.59.35:600][  0]LogConfig: Setting CVar [[p.chaos.AllowCreatePhysxBodies:1]]
[2020.11.24-15.59.35:600][  0]LogConfig: Setting CVar [[fx.SkipVectorVMBackendOptimizations:1]]
[2020.11.24-15.59.35:600][  0]LogConfig: Applying CVar settings from Section [ConsoleVariables] File [D:/01-ALMACEN/00-VENDING MACHINE/UNREAL MOTO EMUP/REPO/Bof-Ops/Saved/Config/Windows/Engine.ini]
[2020.11.24-15.59.35:600][  0]LogInit: Computer: MAQUINACAUSTICA
[2020.11.24-15.59.35:600][  0]LogInit: User: diego
[2020.11.24-15.59.35:600][  0]LogInit: CPU Page size=4096, Cores=8
[2020.11.24-15.59.35:600][  0]LogInit: High frequency timer resolution =10.000000 MHz
[2020.11.24-15.59.35:600][  0]LogMemory: Memory total: Physical=16.0GB (16GB approx)
[2020.11.24-15.59.35:600][  0]LogMemory: Platform Memory Stats for Windows
[2020.11.24-15.59.35:600][  0]LogMemory: Process Physical Memory: 118.61 MB used, 118.61 MB peak
[2020.11.24-15.59.35:600][  0]LogMemory: Process Virtual Memory: 101.85 MB used, 101.85 MB peak
[2020.11.24-15.59.35:600][  0]LogMemory: Physical Memory: 5309.60 MB used,  11025.53 MB free, 16335.13 MB total
[2020.11.24-15.59.35:600][  0]LogMemory: Virtual Memory: 5226.27 MB used,  134212504.00 MB free, 134217728.00 MB total
[2020.11.24-15.59.35:607][  0]LogWindows: WindowsPlatformFeatures enabled
[2020.11.24-15.59.35:665][  0]LogInit: Physics initialised using underlying interface: PhysX
[2020.11.24-15.59.35:666][  0]LogInit: Overriding language with editor language configuration option (en).
[2020.11.24-15.59.35:666][  0]LogInit: Overriding locale with editor locale configuration option (en).
[2020.11.24-15.59.35:863][  0]LogInit: Setting process to per monitor DPI aware
[2020.11.24-15.59.35:896][  0]LogSlate: New Slate User Created.  User Index 0, Is Virtual User: 0
[2020.11.24-15.59.35:896][  0]LogSlate: Slate User Registered.  User Index 0, Is Virtual User: 0
[2020.11.24-15.59.42:091][  0]LogHMD: Failed to initialize OpenVR with code 108
[2020.11.24-15.59.42:091][  0]LogD3D11RHI: D3D11 min allowed feature level: 11_0
[2020.11.24-15.59.42:091][  0]LogD3D11RHI: D3D11 max allowed feature level: 11_0
[2020.11.24-15.59.42:091][  0]LogD3D11RHI: D3D11 adapters:
[2020.11.24-15.59.42:170][  0]LogD3D11RHI:    0. 'NVIDIA GeForce GTX 1060 6GB' (Feature Level 11_0)
[2020.11.24-15.59.42:170][  0]LogD3D11RHI:       6052/0/8167 MB DedicatedVideo/DedicatedSystem/SharedSystem, Outputs:1, VendorId:0x10de
[2020.11.24-15.59.42:172][  0]LogD3D11RHI:    1. 'Microsoft Basic Render Driver' (Feature Level 11_0)
[2020.11.24-15.59.42:172][  0]LogD3D11RHI:       0/0/8167 MB DedicatedVideo/DedicatedSystem/SharedSystem, Outputs:0, VendorId:0x1414
[2020.11.24-15.59.42:172][  0]LogD3D11RHI: Chosen D3D11 Adapter: 0
[2020.11.24-15.59.42:180][  0]LogD3D11RHI: Creating new Direct3DDevice
[2020.11.24-15.59.42:180][  0]LogD3D11RHI:     GPU DeviceId: 0x1c03 (for the marketing name, search the web for "GPU Device Id")
[2020.11.24-15.59.42:180][  0]LogWindows: EnumDisplayDevices:
[2020.11.24-15.59.42:180][  0]LogWindows:    0. 'NVIDIA GeForce GTX 1060 6GB' (P:1 D:1)
[2020.11.24-15.59.42:180][  0]LogWindows:    1. 'NVIDIA GeForce GTX 1060 6GB' (P:0 D:0)
[2020.11.24-15.59.42:181][  0]LogWindows:    2. 'NVIDIA GeForce GTX 1060 6GB' (P:0 D:0)
[2020.11.24-15.59.42:181][  0]LogWindows:    3. 'NVIDIA GeForce GTX 1060 6GB' (P:0 D:0)
[2020.11.24-15.59.42:181][  0]LogWindows: DebugString: FoundDriverCount:4 
[2020.11.24-15.59.42:181][  0]LogD3D11RHI:     Adapter Name: NVIDIA GeForce GTX 1060 6GB
[2020.11.24-15.59.42:181][  0]LogD3D11RHI:   Driver Version: 457.30 (internal:27.21.14.5730, unified:457.30)
[2020.11.24-15.59.42:181][  0]LogD3D11RHI:      Driver Date: 11-6-2020
[2020.11.24-15.59.42:181][  0]LogRHI: Texture pool is 4236 MB (70% of 6052 MB)
[2020.11.24-15.59.42:238][  0]LogD3D11RHI: RHI has support for 64 bit atomics
[2020.11.24-15.59.42:239][  0]LogD3D11RHI: Async texture creation enabled
[2020.11.24-15.59.42:239][  0]LogD3D11RHI: Array index from any shader is supported
[2020.11.24-15.59.42:257][  0]LogD3D11RHI: GPU Timing Frequency: 1000.000000 (Debug: 2 1)
[2020.11.24-15.59.42:592][  0]LogTargetPlatformManager: Display: Loaded TargetPlatform 'AllDesktop'
[2020.11.24-15.59.42:618][  0]LogTargetPlatformManager: Display: Loaded TargetPlatform 'Android'
[2020.11.24-15.59.42:618][  0]LogTargetPlatformManager: Display: Loaded TargetPlatform 'Android_ASTC'
[2020.11.24-15.59.42:618][  0]LogTargetPlatformManager: Display: Loaded TargetPlatform 'Android_DXT'
[2020.11.24-15.59.42:618][  0]LogTargetPlatformManager: Display: Loaded TargetPlatform 'Android_ETC2'
[2020.11.24-15.59.42:618][  0]LogTargetPlatformManager: Display: Loaded TargetPlatform 'AndroidClient'
[2020.11.24-15.59.42:618][  0]LogTargetPlatformManager: Display: Loaded TargetPlatform 'Android_ASTCClient'
[2020.11.24-15.59.42:618][  0]LogTargetPlatformManager: Display: Loaded TargetPlatform 'Android_DXTClient'
[2020.11.24-15.59.42:618][  0]LogTargetPlatformManager: Display: Loaded TargetPlatform 'Android_ETC2Client'
[2020.11.24-15.59.42:618][  0]LogTargetPlatformManager: Display: Loaded TargetPlatform 'Android_Multi'
[2020.11.24-15.59.42:618][  0]LogTargetPlatformManager: Display: Loaded TargetPlatform 'Android_MultiClient'
[2020.11.24-15.59.42:649][  0]LogTargetPlatformManager: Display: Loaded TargetPlatform 'IOSClient'
[2020.11.24-15.59.42:649][  0]LogTargetPlatformManager: Display: Loaded TargetPlatform 'IOS'
[2020.11.24-15.59.42:662][  0]LogTargetPlatformManager: Display: Loaded TargetPlatform 'Linux'
[2020.11.24-15.59.42:674][  0]LogTargetPlatformManager: Display: Loaded TargetPlatform 'LinuxNoEditor'
[2020.11.24-15.59.42:686][  0]LogTargetPlatformManager: Display: Loaded TargetPlatform 'LinuxClient'
[2020.11.24-15.59.42:698][  0]LogTargetPlatformManager: Display: Loaded TargetPlatform 'LinuxServer'
[2020.11.24-15.59.42:710][  0]LogTargetPlatformManager: Display: Loaded TargetPlatform 'LinuxAArch64NoEditor'
[2020.11.24-15.59.42:722][  0]LogTargetPlatformManager: Display: Loaded TargetPlatform 'LinuxAArch64Client'
[2020.11.24-15.59.42:734][  0]LogTargetPlatformManager: Display: Loaded TargetPlatform 'LinuxAArch64Server'
[2020.11.24-15.59.42:768][  0]LogTargetPlatformManager: Display: Loaded TargetPlatform 'Lumin'
[2020.11.24-15.59.42:768][  0]LogTargetPlatformManager: Display: Loaded TargetPlatform 'LuminClient'
[2020.11.24-15.59.42:788][  0]LogTargetPlatformManager: Display: Loaded TargetPlatform 'TVOSClient'
[2020.11.24-15.59.42:788][  0]LogTargetPlatformManager: Display: Loaded TargetPlatform 'TVOS'
[2020.11.24-15.59.42:800][  0]LogTargetPlatformManager: Display: Loaded TargetPlatform 'WindowsNoEditor'
[2020.11.24-15.59.42:813][  0]LogTargetPlatformManager: Display: Loaded TargetPlatform 'Windows'
[2020.11.24-15.59.42:825][  0]LogTargetPlatformManager: Display: Loaded TargetPlatform 'WindowsClient'
[2020.11.24-15.59.42:837][  0]LogTargetPlatformManager: Display: Loaded TargetPlatform 'WindowsServer'
[2020.11.24-15.59.42:837][  0]LogTargetPlatformManager: Display: Building Assets For Windows
[2020.11.24-15.59.42:848][  0]LogAudioDebug: Display: Lib vorbis DLL was dynamically loaded.
[2020.11.24-15.59.42:925][  0]LogShaderCompilers: Guid format shader working directory is -32 characters bigger than the processId version (../../../../../../01-ALMACEN/00-VENDING MACHINE/UNREAL MOTO EMUP/REPO/Bof-Ops/Intermediate/Shaders/WorkingDirectory/15356/).
[2020.11.24-15.59.42:925][  0]LogShaderCompilers: Cleaned the shader compiler working directory 'C:/Users/diego/AppData/Local/Temp/UnrealShaderWorkingDir/09A09A05416493D6E711C084FED7C2B2/'.
[2020.11.24-15.59.42:926][  0]LogXGEController: Cleaning working directory: C:/Users/diego/AppData/Local/Temp/UnrealXGEWorkingDir/
[2020.11.24-15.59.42:926][  0]LogXGEController: Cannot use XGE Controller as Incredibuild is not installed on this machine.
[2020.11.24-15.59.42:926][  0]LogShaderCompilers: Cannot use XGE Shader Compiler as Incredibuild is not installed on this machine.
[2020.11.24-15.59.42:926][  0]LogShaderCompilers: Display: Using Local Shader Compiler.
[2020.11.24-15.59.43:914][  0]LogDerivedDataCache: Display: Max Cache Size: 512 MB
[2020.11.24-15.59.43:965][  0]LogDerivedDataCache: Loaded boot cache 0.05s 79MB C:/Users/diego/AppData/Local/UnrealEngine/4.25/DerivedDataCache/Boot.ddc.
[2020.11.24-15.59.43:966][  0]LogDerivedDataCache: Display: Loaded Boot cache: C:/Users/diego/AppData/Local/UnrealEngine/4.25/DerivedDataCache/Boot.ddc
[2020.11.24-15.59.43:966][  0]LogDerivedDataCache: FDerivedDataBackendGraph:  Pak pak cache file ../../../../../../01-ALMACEN/00-VENDING MACHINE/UNREAL MOTO EMUP/REPO/Bof-Ops/DerivedDataCache/DDC.ddp not found, will not use a pak cache.
[2020.11.24-15.59.43:966][  0]LogDerivedDataCache: Unable to find inner node Pak for hierarchical cache Hierarchy.
[2020.11.24-15.59.43:966][  0]LogDerivedDataCache: FDerivedDataBackendGraph:  CompressedPak pak cache file ../../../../../../01-ALMACEN/00-VENDING MACHINE/UNREAL MOTO EMUP/REPO/Bof-Ops/DerivedDataCache/Compressed.ddp not found, will not use a pak cache.
[2020.11.24-15.59.43:966][  0]LogDerivedDataCache: Unable to find inner node CompressedPak for hierarchical cache Hierarchy.
[2020.11.24-15.59.43:979][  0]LogDerivedDataCache: Display: Pak cache opened for reading ../../../Engine/DerivedDataCache/Compressed.ddp.
[2020.11.24-15.59.43:979][  0]LogDerivedDataCache: FDerivedDataBackendGraph:  EnterprisePak pak cache file ../../../Enterprise/DerivedDataCache/Compressed.ddp not found, will not use a pak cache.
[2020.11.24-15.59.43:979][  0]LogDerivedDataCache: Unable to find inner node EnterprisePak for hierarchical cache Hierarchy.
[2020.11.24-15.59.43:981][  0]LogDerivedDataCache: Using Local data cache path C:/Users/diego/AppData/Local/UnrealEngine/Common/DerivedDataCache: Writable
[2020.11.24-15.59.43:981][  0]LogDerivedDataCache: Shared data cache path not found in *engine.ini, will not use an Shared cache.
[2020.11.24-15.59.43:981][  0]LogDerivedDataCache: Unable to find inner node Shared for hierarchical cache Hierarchy.
[2020.11.24-15.59.44:044][  0]LogSlate: Using FreeType 2.10.0
[2020.11.24-15.59.44:045][  0]LogSlate: SlateFontServices - WITH_FREETYPE: 1, WITH_HARFBUZZ: 1
[2020.11.24-15.59.44:072][  0]LogAssetRegistry: FAssetRegistry took 0.0032 seconds to start up
[2020.11.24-15.59.44:364][  0]LogInit: Selected Device Profile: [Windows]
[2020.11.24-15.59.44:511][  0]LogMeshReduction: Using QuadricMeshReduction for automatic static mesh reduction
[2020.11.24-15.59.44:511][  0]LogMeshReduction: Using SimplygonMeshReduction for automatic skeletal mesh reduction
[2020.11.24-15.59.44:511][  0]LogMeshReduction: Using ProxyLODMeshReduction for automatic mesh merging
[2020.11.24-15.59.44:511][  0]LogMeshReduction: No distributed automatic mesh merging module available
[2020.11.24-15.59.44:511][  0]LogMeshMerging: No distributed automatic mesh merging module available
[2020.11.24-15.59.44:531][  0]LogNetVersion: Bofemian_Rhapsody 1.0.0, NetCL: 13144385, EngineNetVer: 14, GameNetVer: 0 (Checksum: 2487425745)
[2020.11.24-15.59.45:007][  0]LogAISub: UAISubsystem::UAISubsystem AISubsystem (00000231E8C17880), frame # 0
[2020.11.24-15.59.45:007][  0]LogAISub: UAISubsystem::UAISubsystem AIPerceptionSystem (00000231E8C4C540), frame # 0
[2020.11.24-15.59.45:009][  0]LogAISub: UAISubsystem::UAISubsystem EnvQueryManager (00000231E8C8C800), frame # 0
[2020.11.24-15.59.45:076][  0]LogPackageLocalizationCache: Processed 19 localized package path(s) for 1 prioritized culture(s) in 0.059340 seconds
[2020.11.24-15.59.45:083][  0]LogUObjectArray: 15917 objects as part of root set at end of initial load.
[2020.11.24-15.59.45:083][  0]LogUObjectAllocator: 3965568 out of 0 bytes used by permanent object pool.
[2020.11.24-15.59.45:083][  0]LogUObjectArray: CloseDisregardForGC: 0/0 objects in disregard for GC pool
[2020.11.24-15.59.45:528][  0]LogTcpMessaging: Initializing TcpMessaging bridge
[2020.11.24-15.59.45:534][  0]LogUdpMessaging: Initializing bridge on interface 0.0.0.0:0 to multicast group 230.0.0.1:6666.
[2020.11.24-15.59.45:639][  0]SourceControl: Source control is disabled
[2020.11.24-15.59.45:639][  0]SourceControl: Source control is disabled
[2020.11.24-15.59.45:643][  0]SourceControl: Source control is disabled
[2020.11.24-15.59.45:648][  0]SourceControl: Source control is disabled
[2020.11.24-15.59.45:658][  0]SourceControl: Source control is disabled
[2020.11.24-15.59.45:978][  0]LogAndroidPermission: UAndroidPermissionCallbackProxy::GetInstance
[2020.11.24-15.59.46:005][  0]LogAudioCaptureCore: Display: No Audio Capture implementations found. Audio input will be silent.
[2020.11.24-15.59.46:005][  0]LogAudioCaptureCore: Display: No Audio Capture implementations found. Audio input will be silent.
[2020.11.24-15.59.46:067][  0]LogOcInput: OculusInput pre-init called
[2020.11.24-15.59.46:340][  0]LogEngine: Initializing Engine...
[2020.11.24-15.59.46:405][  0]LogHMD: Failed to initialize OpenVR with code 119
[2020.11.24-15.59.46:405][  0]LogMagicLeap: Warning: VR disabled because ZI is not enabled.  To enable, in the editor, Edit -> Project Settings -> Plugins -> Magic Leap Plugin -> Enable Zero Iteration
[2020.11.24-15.59.46:406][  0]LogStats: UGameplayTagsManager::InitializeManager -  0.000 s
[2020.11.24-15.59.46:533][  0]LogInit: Initializing FReadOnlyCVARCache
[2020.11.24-15.59.46:541][  0]LogAIModule: Creating AISystem for world Untitled
[2020.11.24-15.59.46:542][  0]LogAISub: UAISubsystem::UAISubsystem EnvQueryManager (00000231F48C6000), frame # 0
[2020.11.24-15.59.46:542][  0]LogAISub: UAISubsystem::UAISubsystem AIPerceptionSystem (00000231F48B3B00), frame # 0
[2020.11.24-15.59.46:554][  0]LogAudioMixer: Display: Audio Mixer Platform Settings:
[2020.11.24-15.59.46:554][  0]LogAudioMixer: Display: 	Sample Rate:						  48000
[2020.11.24-15.59.46:554][  0]LogAudioMixer: Display: 	Callback Buffer Frame Size Requested: 1024
[2020.11.24-15.59.46:554][  0]LogAudioMixer: Display: 	Callback Buffer Frame Size To Use:	  1024
[2020.11.24-15.59.46:554][  0]LogAudioMixer: Display: 	Number of buffers to queue:			  2
[2020.11.24-15.59.46:554][  0]LogAudioMixer: Display: 	Max Channels (voices):				  32
[2020.11.24-15.59.46:554][  0]LogAudioMixer: Display: 	Number of Async Source Workers:		  0
[2020.11.24-15.59.46:554][  0]LogAudio: Display: AudioDevice MaxSources: 32
[2020.11.24-15.59.46:554][  0]LogAudio: Display: Using built-in audio occlusion.
[2020.11.24-15.59.46:554][  0]LogAudioMixer: Display: Initializing audio mixer.
[2020.11.24-15.59.46:570][  0]LogAudioMixer: Display: 0: FrontLeft
[2020.11.24-15.59.46:570][  0]LogAudioMixer: Display: 1: FrontRight
[2020.11.24-15.59.46:620][  0]LogAudioMixer: Display: Using Audio Device Auriculares (Oculus Virtual Audio Device)
[2020.11.24-15.59.46:622][  0]LogAudioMixer: Display: Initializing Sound Submixes...
[2020.11.24-15.59.46:624][  0]LogAudioMixer: Display: Creating Master Submix 'MasterSubmixDefault'
[2020.11.24-15.59.46:624][  0]LogAudioMixer: Display: Creating Master Submix 'MasterReverbSubmixDefault'
[2020.11.24-15.59.46:625][  0]LogAudioMixer: Display: Creating Master Submix 'MasterEQSubmixDefault'
[2020.11.24-15.59.46:626][  0]LogInit: FAudioDevice initialized.
[2020.11.24-15.59.46:626][  0]LogNetVersion: Set ProjectVersion to 1.0.0.0. Version Checksum will be recalculated on next use.
[2020.11.24-15.59.46:756][  0]LogDerivedDataCache: Saved boot cache 0.13s 79MB C:/Users/diego/AppData/Local/UnrealEngine/4.25/DerivedDataCache/Boot.ddc.
[2020.11.24-15.59.46:761][  0]LogInit: Texture streaming: Enabled
[2020.11.24-15.59.46:781][  0]LogEngineSessionManager: EngineSessionManager initialized
[2020.11.24-15.59.46:781][  0]LogEditorSessionSummary: Verbose: Initializing EditorSessionSummaryWriter for editor session tracking
[2020.11.24-15.59.46:783][  0]LogEditorSessionSummary: EditorSessionSummaryWriter initialized
[2020.11.24-15.59.46:851][  0]LogInit: Transaction tracking system initialized
[2020.11.24-15.59.46:879][  0]BlueprintLog: New page: Editor Load
[2020.11.24-15.59.46:967][  0]LocalizationService: Localization service is disabled
[2020.11.24-15.59.47:158][  0]LogCook: Display: Max memory allowance for cook 16384mb min free memory 0mb
[2020.11.24-15.59.47:158][  0]LogCook: Display: Mobile HDR setting 1
[2020.11.24-15.59.47:322][  0]LogFileCache: Scanning file cache for directory 'D:/01-ALMACEN/00-VENDING MACHINE/UNREAL MOTO EMUP/REPO/Bof-Ops/Content/' took 0.00s
[2020.11.24-15.59.47:524][  0]SourceControl: Source control is disabled
[2020.11.24-15.59.47:524][  0]LogUnrealEdMisc: Loading editor; pre map load, took 15.085
[2020.11.24-15.59.47:524][  0]Cmd: MAP LOAD FILE="../../../Engine/Content/Maps/Templates/Template_Default.umap" TEMPLATE=1 SHOWPROGRESS=1 FEATURELEVEL=3
[2020.11.24-15.59.47:525][  0]LightingResults: New page: Lighting Build
[2020.11.24-15.59.47:525][  0]LogWorld: UWorld::CleanupWorld for Untitled, bSessionEnded=true, bCleanupResources=true
[2020.11.24-15.59.47:525][  0]LogSlate: InvalidateAllWidgets triggered.  All widgets were invalidated
[2020.11.24-15.59.47:525][  0]MapCheck: New page: Map Check
[2020.11.24-15.59.47:525][  0]LightingResults: New page: Lighting Build
[2020.11.24-15.59.47:542][  0]LogAISub: UAISubsystem::~UAISubsystem EnvQueryManager (00000231F48C6000), frame # 0
[2020.11.24-15.59.47:542][  0]LogAISub: UAISubsystem::~UAISubsystem AIPerceptionSystem (00000231F48B3B00), frame # 0
[2020.11.24-15.59.47:543][  0]LogUObjectHash: Compacting FUObjectHashTables data took   0.83ms
[2020.11.24-15.59.47:620][  0]LogAIModule: Creating AISystem for world Untitled_1
[2020.11.24-15.59.47:620][  0]LogAISub: UAISubsystem::UAISubsystem EnvQueryManager (00000231F4B17E00), frame # 0
[2020.11.24-15.59.47:620][  0]LogAISub: UAISubsystem::UAISubsystem AIPerceptionSystem (00000231E83AE200), frame # 0
[2020.11.24-15.59.47:624][  0]LogEditorServer: Finished looking for orphan Actors (0.000 secs)
[2020.11.24-15.59.47:642][  0]LogUObjectHash: Compacting FUObjectHashTables data took   1.28ms
[2020.11.24-15.59.47:642][  0]Cmd: MAP CHECKDEP NOCLEARLOG
[2020.11.24-15.59.47:643][  0]MapCheck: Map check complete: 0 Error(s), 0 Warning(s), took 0.108ms to complete.
[2020.11.24-15.59.47:643][  0]LogFileHelpers: Loading map 'Template_Default' took 0.119
[2020.11.24-15.59.47:644][  0]LogUnrealEdMisc: Total Editor Startup Time, took 15.206
[2020.11.24-15.59.47:808][  0]LogSlate: Updating window title bar state: overlay mode, drag disabled, window buttons hidden, title bar hidden
[2020.11.24-15.59.47:817][  0]LogSlate: Updating window title bar state: overlay mode, drag disabled, window buttons hidden, title bar hidden
[2020.11.24-15.59.47:828][  0]LogSlate: Updating window title bar state: overlay mode, drag disabled, window buttons hidden, title bar hidden
[2020.11.24-15.59.47:837][  0]LogSlate: Updating window title bar state: overlay mode, drag disabled, window buttons hidden, title bar hidden
[2020.11.24-15.59.47:844][  0]LogCollectionManager: Loaded 0 collections in 0.001204 seconds
[2020.11.24-15.59.47:864][  0]LogFileCache: Scanning file cache for directory 'D:/01-ALMACEN/00-VENDING MACHINE/UNREAL MOTO EMUP/REPO/Bof-Ops/Saved/Collections/' took 0.00s
[2020.11.24-15.59.47:864][  0]LogFileCache: Scanning file cache for directory 'D:/01-ALMACEN/00-VENDING MACHINE/UNREAL MOTO EMUP/REPO/Bof-Ops/Content/Developers/diego/Collections/' took 0.00s
[2020.11.24-15.59.47:864][  0]LogFileCache: Scanning file cache for directory 'D:/01-ALMACEN/00-VENDING MACHINE/UNREAL MOTO EMUP/REPO/Bof-Ops/Content/Collections/' took 0.00s
[2020.11.24-15.59.47:864][  0]LogContentBrowser: Native class hierarchy populated in 0.0121 seconds. Added 3427 classes and 821 folders.
[2020.11.24-15.59.47:867][  0]LogContentBrowser: Native class hierarchy updated for 'WidgetCarousel' in 0.0004 seconds. Added 0 classes and 0 folders.
[2020.11.24-15.59.47:971][  0]LogContentBrowser: Native class hierarchy updated for 'AddContentDialog' in 0.0004 seconds. Added 0 classes and 0 folders.
[2020.11.24-15.59.47:972][  0]LogContentBrowser: Native class hierarchy updated for 'SceneOutliner' in 0.0003 seconds. Added 2 classes and 0 folders.
[2020.11.24-15.59.48:013][  0]LogSlate: Took 0.000319 seconds to synchronously load lazily loaded font '../../../Engine/Content/Slate/Fonts/Roboto-Regular.ttf' (155K)
[2020.11.24-15.59.48:016][  0]LogSlate: Took 0.000205 seconds to synchronously load lazily loaded font '../../../Engine/Content/Slate/Fonts/Roboto-Bold.ttf' (160K)
[2020.11.24-15.59.48:022][  0]LogSlate: Took 0.000287 seconds to synchronously load lazily loaded font '../../../Engine/Content/Editor/Slate/Fonts/FontAwesome.ttf' (139K)
[2020.11.24-15.59.48:086][  0]LogRenderer: Reallocating scene render targets to support 964x432 Format 10 NumSamples 1 (Frame:1).
[2020.11.24-15.59.48:173][  0]LogContentBrowser: Native class hierarchy updated for 'HierarchicalLODOutliner' in 0.0004 seconds. Added 0 classes and 0 folders.
[2020.11.24-15.59.48:173][  0]LogLoad: (Engine Initialization) Total time: 15.73 seconds
[2020.11.24-15.59.48:173][  0]LogLoad: (Engine Initialization) Total Blueprint compile time: 0.00 seconds
[2020.11.24-15.59.48:219][  0]LogAssetRegistry: Asset discovery search completed in 4.1470 seconds
[2020.11.24-15.59.48:223][  0]LogCollectionManager: Fixed up redirectors for 0 collections in 0.000002 seconds (updated 0 objects)
[2020.11.24-15.59.48:224][  0]LogContentStreaming: Texture pool size now 1000 MB
[2020.11.24-15.59.48:261][  0]LogSlate: Took 0.000179 seconds to synchronously load lazily loaded font '../../../Engine/Content/Slate/Fonts/Roboto-Light.ttf' (167K)
[2020.11.24-15.59.59:190][245]LogSlate: Took 0.000332 seconds to synchronously load lazily loaded font '../../../Engine/Content/Slate/Fonts/Roboto-Light.ttf' (167K)
[2020.11.24-15.59.59:318][245]LogAssetEditorSubsystem: Opening Asset editor for World /Game/Levels/Test.Test
[2020.11.24-15.59.59:344][245]LogUObjectHash: Compacting FUObjectHashTables data took   1.26ms
[2020.11.24-15.59.59:348][245]Cmd: MAP LOAD FILE="../../../../../../01-ALMACEN/00-VENDING MACHINE/UNREAL MOTO EMUP/REPO/Bof-Ops/Content/Levels/Test.umap" TEMPLATE=0 SHOWPROGRESS=1 FEATURELEVEL=3
[2020.11.24-15.59.59:348][245]LightingResults: New page: Lighting Build
[2020.11.24-15.59.59:348][245]LoadErrors: New page: Loading map: Test.umap
[2020.11.24-15.59.59:380][245]LogWorld: UWorld::CleanupWorld for Untitled_1, bSessionEnded=true, bCleanupResources=true
[2020.11.24-15.59.59:380][245]LogSlate: InvalidateAllWidgets triggered.  All widgets were invalidated
[2020.11.24-15.59.59:380][245]MapCheck: New page: Map Check
[2020.11.24-15.59.59:380][245]LightingResults: New page: Lighting Build
[2020.11.24-15.59.59:394][245]LogAISub: UAISubsystem::~UAISubsystem EnvQueryManager (00000231F4B17E00), frame # 245
[2020.11.24-15.59.59:394][245]LogAISub: UAISubsystem::~UAISubsystem AIPerceptionSystem (00000231E83AE200), frame # 245
[2020.11.24-15.59.59:395][245]LogUObjectHash: Compacting FUObjectHashTables data took   0.78ms
[2020.11.24-15.59.59:403][245]LogEditorServer: Finished looking for orphan Actors (0.000 secs)
[2020.11.24-15.59.59:403][245]LogAIModule: Creating AISystem for world Test
[2020.11.24-15.59.59:403][245]LogAISub: UAISubsystem::UAISubsystem EnvQueryManager (00000231F4AEB200), frame # 245
[2020.11.24-15.59.59:403][245]LogAISub: UAISubsystem::UAISubsystem AIPerceptionSystem (00000231FF8D4E00), frame # 245
[2020.11.24-15.59.59:424][245]LogUObjectHash: Compacting FUObjectHashTables data took   0.75ms
[2020.11.24-15.59.59:464][245]Cmd: MAP CHECKDEP NOCLEARLOG
[2020.11.24-15.59.59:464][245]MapCheck: Map check complete: 0 Error(s), 0 Warning(s), took 0.089ms to complete.
[2020.11.24-15.59.59:464][245]LogFileHelpers: Loading map 'Test' took 0.116
[2020.11.24-16.00.03:992][773]LogTemp: Repeating last play command: Selected Viewport
[2020.11.24-16.00.04:022][773]LogPlayLevel: PlayLevel: No blueprints needed recompiling
[2020.11.24-16.00.04:032][773]PIE: New page: PIE session: Test (Nov 24, 2020, 6:00:04 PM)
[2020.11.24-16.00.04:043][773]LogOnline: OSS: Creating online subsystem instance for: NULL
[2020.11.24-16.00.04:058][773]LogOnline: OSS: TryLoadSubsystemAndSetDefault: Loaded subsystem for module [NULL]
[2020.11.24-16.00.04:058][773]LogPlayLevel: Creating play world package: /Game/Levels/UEDPIE_0_Test
[2020.11.24-16.00.04:087][773]LogPlayLevel: PIE: StaticDuplicateObject took: (0.028655s)
[2020.11.24-16.00.04:097][773]LogAIModule: Creating AISystem for world Test
[2020.11.24-16.00.04:097][773]LogAISub: UAISubsystem::UAISubsystem EnvQueryManager (00000231FF8CFC00), frame # 773
[2020.11.24-16.00.04:097][773]LogAISub: UAISubsystem::UAISubsystem AIPerceptionSystem (00000231F4C4C680), frame # 773
[2020.11.24-16.00.04:097][773]LogPlayLevel: PIE: World Init took: (0.001441s)
[2020.11.24-16.00.04:097][773]LogPlayLevel: PIE: Created PIE world by copying editor world from /Game/Levels/Test.Test to /Game/Levels/UEDPIE_0_Test.Test (0.038581s)
[2020.11.24-16.00.04:113][773]LogUObjectHash: Compacting FUObjectHashTables data took   0.72ms
[2020.11.24-16.00.04:114][773]LogAudioMixer: Display: Audio Mixer Platform Settings:
[2020.11.24-16.00.04:114][773]LogAudioMixer: Display: 	Sample Rate:						  48000
[2020.11.24-16.00.04:114][773]LogAudioMixer: Display: 	Callback Buffer Frame Size Requested: 1024
[2020.11.24-16.00.04:114][773]LogAudioMixer: Display: 	Callback Buffer Frame Size To Use:	  1024
[2020.11.24-16.00.04:114][773]LogAudioMixer: Display: 	Number of buffers to queue:			  2
[2020.11.24-16.00.04:114][773]LogAudioMixer: Display: 	Max Channels (voices):				  32
[2020.11.24-16.00.04:114][773]LogAudioMixer: Display: 	Number of Async Source Workers:		  0
[2020.11.24-16.00.04:114][773]LogAudio: Display: AudioDevice MaxSources: 32
[2020.11.24-16.00.04:115][773]LogAudio: Display: Using built-in audio occlusion.
[2020.11.24-16.00.04:115][773]LogAudioMixer: Display: Initializing audio mixer.
[2020.11.24-16.00.04:121][773]LogAudioMixer: Display: 0: FrontLeft
[2020.11.24-16.00.04:121][773]LogAudioMixer: Display: 1: FrontRight
[2020.11.24-16.00.04:136][773]LogAudioMixer: Display: Using Audio Device Auriculares (Oculus Virtual Audio Device)
[2020.11.24-16.00.04:136][773]LogAudioMixer: Display: Initializing Sound Submixes...
[2020.11.24-16.00.04:136][773]LogAudioMixer: Display: Creating Master Submix 'MasterSubmixDefault'
[2020.11.24-16.00.04:136][773]LogAudioMixer: Display: Creating Master Submix 'MasterReverbSubmixDefault'
[2020.11.24-16.00.04:137][773]LogAudioMixer: Display: Creating Master Submix 'MasterEQSubmixDefault'
[2020.11.24-16.00.04:154][773]LogInit: FAudioDevice initialized.
[2020.11.24-16.00.04:164][773]LogLoad: Game class is 'GameModeBase'
[2020.11.24-16.00.04:217][773]LogWorld: Bringing World /Game/Levels/UEDPIE_0_Test.Test up for play (max tick rate 0) at 2020.11.24-17.00.04
[2020.11.24-16.00.04:218][773]LogWorld: Bringing up level for play took: 0.004743
[2020.11.24-16.00.04:219][773]LogOnline: OSS: Creating online subsystem instance for: :Context_1
[2020.11.24-16.00.04:234][773]LogContentBrowser: Native class hierarchy updated for 'MovieSceneCapture' in 0.0005 seconds. Added 20 classes and 0 folders.
[2020.11.24-16.00.04:283][773]PIE: Server logged in
[2020.11.24-16.00.04:285][773]PIE: Play in editor total start time 0.264 seconds.
[2020.11.24-16.00.11:942][681]LogSlate: Updating window title bar state: overlay mode, drag disabled, window buttons hidden, title bar hidden
[2020.11.24-16.00.11:942][681]LogWorld: BeginTearingDown for /Game/Levels/UEDPIE_0_Test
[2020.11.24-16.00.11:942][681]LogWorld: UWorld::CleanupWorld for Test, bSessionEnded=true, bCleanupResources=true
[2020.11.24-16.00.11:943][681]LogSlate: InvalidateAllWidgets triggered.  All widgets were invalidated
[2020.11.24-16.00.11:949][681]LogPlayLevel: Display: Shutting down PIE online subsystems
[2020.11.24-16.00.11:951][681]LogSlate: InvalidateAllWidgets triggered.  All widgets were invalidated
[2020.11.24-16.00.11:963][681]LogSlate: Updating window title bar state: overlay mode, drag disabled, window buttons hidden, title bar hidden
[2020.11.24-16.00.11:983][681]LogAISub: UAISubsystem::~UAISubsystem AIPerceptionSystem (00000231F4C4C680), frame # 1681
[2020.11.24-16.00.11:983][681]LogAISub: UAISubsystem::~UAISubsystem EnvQueryManager (00000231FF8CFC00), frame # 1681
[2020.11.24-16.00.11:985][681]LogUObjectHash: Compacting FUObjectHashTables data took   0.74ms
[2020.11.24-16.00.12:016][682]LogPlayLevel: Display: Destroying online subsystem :Context_1
[2020.11.24-16.02.41:067][173]LogAssetEditorSubsystem: Opening Asset editor for World /Game/Levels/Test.Test
[2020.11.24-16.02.41:083][173]LogUObjectHash: Compacting FUObjectHashTables data took   0.81ms
[2020.11.24-16.02.41:085][173]Cmd: MAP LOAD FILE="../../../../../../01-ALMACEN/00-VENDING MACHINE/UNREAL MOTO EMUP/REPO/Bof-Ops/Content/Levels/Test.umap" TEMPLATE=0 SHOWPROGRESS=1 FEATURELEVEL=3
[2020.11.24-16.02.41:085][173]LightingResults: New page: Lighting Build
[2020.11.24-16.02.41:085][173]LoadErrors: New page: Loading map: Test.umap
[2020.11.24-16.02.41:111][173]LogWorld: UWorld::CleanupWorld for Test, bSessionEnded=true, bCleanupResources=true
[2020.11.24-16.02.41:111][173]LogSlate: InvalidateAllWidgets triggered.  All widgets were invalidated
[2020.11.24-16.02.41:111][173]MapCheck: New page: Map Check
[2020.11.24-16.02.41:111][173]LightingResults: New page: Lighting Build
[2020.11.24-16.02.41:124][173]LogAISub: UAISubsystem::~UAISubsystem AIPerceptionSystem (00000231FF8D4E00), frame # 15173
[2020.11.24-16.02.41:124][173]LogAISub: UAISubsystem::~UAISubsystem EnvQueryManager (00000231F4AEB200), frame # 15173
[2020.11.24-16.02.41:125][173]LogUObjectHash: Compacting FUObjectHashTables data took   0.77ms
[2020.11.24-16.02.41:134][173]LogAIModule: Creating AISystem for world Test
[2020.11.24-16.02.41:134][173]LogAISub: UAISubsystem::UAISubsystem EnvQueryManager (00000231F4B17200), frame # 15173
[2020.11.24-16.02.41:134][173]LogAISub: UAISubsystem::UAISubsystem AIPerceptionSystem (00000231E83AF9C0), frame # 15173
[2020.11.24-16.02.41:140][173]LogEditorServer: Finished looking for orphan Actors (0.000 secs)
[2020.11.24-16.02.41:162][173]LogUObjectHash: Compacting FUObjectHashTables data took   0.75ms
[2020.11.24-16.02.41:204][173]Cmd: MAP CHECKDEP NOCLEARLOG
[2020.11.24-16.02.41:204][173]MapCheck: Map check complete: 0 Error(s), 0 Warning(s), took 0.09ms to complete.
[2020.11.24-16.02.41:204][173]LogFileHelpers: Loading map 'Test' took 0.120
[2020.11.24-16.03.10:868][616]LogAssetEditorSubsystem: Opening Asset editor for Texture2D /Game/Carretera/tilemap.tilemap
[2020.11.24-16.03.10:976][616]LogContentBrowser: Native class hierarchy updated for 'TextureEditor' in 0.0004 seconds. Added 1 classes and 2 folders.
[2020.11.24-16.03.14:348][980]LogSlate: Window 'tilemap' being destroyed
[2020.11.24-16.03.14:352][980]LogSlate: Window 'tilemap' being destroyed
[2020.11.24-16.03.16:151][187]LogAssetEditorSubsystem: Opening Asset editor for PaperTileSet /Game/Carretera/tilemap_TileSet.tilemap_TileSet
[2020.11.24-16.03.16:349][187]LogSlate: Took 0.000332 seconds to synchronously load lazily loaded font '../../../Engine/Content/Slate/Fonts/Roboto-BoldCondensed.ttf' (158K)
[2020.11.24-16.03.17:931][356]LogSlate: Window 'tilemap_TileSet' being destroyed
[2020.11.24-16.03.17:934][356]LogSlate: Window 'tilemap_TileSet' being destroyed
[2020.11.24-16.03.18:000][356]LogWorld: UWorld::CleanupWorld for World_0, bSessionEnded=true, bCleanupResources=true
[2020.11.24-16.03.18:000][356]LogSlate: InvalidateAllWidgets triggered.  All widgets were invalidated
[2020.11.24-16.03.22:302][846]LogAssetEditorSubsystem: Opening Asset editor for PaperTileMap /Game/Carretera/carretera_map_TileMap.carretera_map_TileMap
[2020.11.24-16.03.22:535][846]LogRenderer: Reallocating scene render targets to support 1168x880 Format 10 NumSamples 1 (Frame:1).
[2020.11.24-16.03.48:418][797]LogSlate: Window 'carretera_map_TileMap*' being destroyed
[2020.11.24-16.03.48:422][797]LogSlate: Window 'carretera_map_TileMap*' being destroyed
[2020.11.24-16.03.48:480][797]LogWorld: UWorld::CleanupWorld for World_1, bSessionEnded=true, bCleanupResources=true
[2020.11.24-16.03.48:481][797]LogSlate: InvalidateAllWidgets triggered.  All widgets were invalidated
[2020.11.24-16.03.50:081][980]LogAssetEditorSubsystem: Opening Asset editor for Texture2D /Game/Carretera/tilemap.tilemap
[2020.11.24-16.03.57:776][881]LogSlate: Window 'tilemap' being destroyed
[2020.11.24-16.03.57:780][881]LogSlate: Window 'tilemap' being destroyed
[2020.11.24-16.03.59:063][ 22]LogAssetEditorSubsystem: Opening Asset editor for PaperTileSet /Game/Carretera/tilemap_TileSet.tilemap_TileSet
[2020.11.24-16.04.15:165][909]LogSlate: Window 'tilemap_TileSet' being destroyed
[2020.11.24-16.04.15:170][909]LogSlate: Window 'tilemap_TileSet' being destroyed
[2020.11.24-16.04.15:200][909]LogWorld: UWorld::CleanupWorld for World_3, bSessionEnded=true, bCleanupResources=true
[2020.11.24-16.04.15:200][909]LogSlate: InvalidateAllWidgets triggered.  All widgets were invalidated
[2020.11.24-16.04.18:114][240]LogAssetEditorSubsystem: Opening Asset editor for World /Game/Levels/Test.Test
[2020.11.24-16.04.18:140][240]LogUObjectHash: Compacting FUObjectHashTables data took   0.78ms
[2020.11.24-16.04.24:565][240]LogSlate: Window 'Save Content' being destroyed
[2020.11.24-16.04.25:185][240]LogSavePackage: Moving '../../../../../../01-ALMACEN/00-VENDING MACHINE/UNREAL MOTO EMUP/REPO/Bof-Ops/Saved/carretera_map_TileMapFEBA226742CB189E241119AD15BE5417.tmp' to '../../../../../../01-ALMACEN/00-VENDING MACHINE/UNREAL MOTO EMUP/REPO/Bof-Ops/Content/Carretera/carretera_map_TileMap.uasset'
[2020.11.24-16.04.25:200][240]Cmd: MAP LOAD FILE="../../../../../../01-ALMACEN/00-VENDING MACHINE/UNREAL MOTO EMUP/REPO/Bof-Ops/Content/Levels/Test.umap" TEMPLATE=0 SHOWPROGRESS=1 FEATURELEVEL=3
[2020.11.24-16.04.25:200][240]LightingResults: New page: Lighting Build
[2020.11.24-16.04.25:200][240]LoadErrors: New page: Loading map: Test.umap
[2020.11.24-16.04.25:241][240]LogWorld: UWorld::CleanupWorld for Test, bSessionEnded=true, bCleanupResources=true
[2020.11.24-16.04.25:241][240]LogSlate: InvalidateAllWidgets triggered.  All widgets were invalidated
[2020.11.24-16.04.25:241][240]MapCheck: New page: Map Check
[2020.11.24-16.04.25:241][240]LightingResults: New page: Lighting Build
[2020.11.24-16.04.25:257][240]LogAISub: UAISubsystem::~UAISubsystem AIPerceptionSystem (00000231E83AF9C0), frame # 26240
[2020.11.24-16.04.25:257][240]LogAISub: UAISubsystem::~UAISubsystem EnvQueryManager (00000231F4B17200), frame # 26240
[2020.11.24-16.04.25:258][240]LogUObjectHash: Compacting FUObjectHashTables data took   0.75ms
[2020.11.24-16.04.25:267][240]LogAIModule: Creating AISystem for world Test
[2020.11.24-16.04.25:267][240]LogAISub: UAISubsystem::UAISubsystem EnvQueryManager (0000023182448E00), frame # 26240
[2020.11.24-16.04.25:267][240]LogAISub: UAISubsystem::UAISubsystem AIPerceptionSystem (00000231E83AEAC0), frame # 26240
[2020.11.24-16.04.25:274][240]LogEditorServer: Finished looking for orphan Actors (0.000 secs)
[2020.11.24-16.04.25:293][240]LogUObjectHash: Compacting FUObjectHashTables data took   0.74ms
[2020.11.24-16.04.25:332][240]Cmd: MAP CHECKDEP NOCLEARLOG
[2020.11.24-16.04.25:332][240]MapCheck: Map check complete: 0 Error(s), 0 Warning(s), took 0.078ms to complete.
[2020.11.24-16.04.25:332][240]LogFileHelpers: Loading map 'Test' took 0.133
[2020.11.24-16.04.25:403][240]AssetCheck: New page: Asset Save: carretera_map_TileMap
[2020.11.24-16.04.25:403][240]LogContentValidation: Display: Validating PaperTileMap /Game/Carretera/carretera_map_TileMap.carretera_map_TileMap
[2020.11.24-16.04.26:878][415]LogTemp: Repeating last play command: Selected Viewport
[2020.11.24-16.04.26:900][415]LogPlayLevel: PlayLevel: No blueprints needed recompiling
[2020.11.24-16.04.26:900][415]PIE: New page: PIE session: Test (Nov 24, 2020, 6:04:26 PM)
[2020.11.24-16.04.26:940][415]LogPlayLevel: Creating play world package: /Game/Levels/UEDPIE_0_Test
[2020.11.24-16.04.26:942][415]LogPlayLevel: PIE: StaticDuplicateObject took: (0.002429s)
[2020.11.24-16.04.26:943][415]LogAIModule: Creating AISystem for world Test
[2020.11.24-16.04.26:943][415]LogAISub: UAISubsystem::UAISubsystem EnvQueryManager (00000231F48C7800), frame # 26415
[2020.11.24-16.04.26:943][415]LogAISub: UAISubsystem::UAISubsystem AIPerceptionSystem (00000231E816BC40), frame # 26415
[2020.11.24-16.04.26:943][415]LogPlayLevel: PIE: World Init took: (0.001184s)
[2020.11.24-16.04.26:943][415]LogPlayLevel: PIE: Created PIE world by copying editor world from /Game/Levels/Test.Test to /Game/Levels/UEDPIE_0_Test.Test (0.003779s)
[2020.11.24-16.04.26:959][415]LogUObjectHash: Compacting FUObjectHashTables data took   0.73ms
[2020.11.24-16.04.26:960][415]LogAudioMixer: Display: Audio Mixer Platform Settings:
[2020.11.24-16.04.26:960][415]LogAudioMixer: Display: 	Sample Rate:						  48000
[2020.11.24-16.04.26:960][415]LogAudioMixer: Display: 	Callback Buffer Frame Size Requested: 1024
[2020.11.24-16.04.26:961][415]LogAudioMixer: Display: 	Callback Buffer Frame Size To Use:	  1024
[2020.11.24-16.04.26:961][415]LogAudioMixer: Display: 	Number of buffers to queue:			  2
[2020.11.24-16.04.26:961][415]LogAudioMixer: Display: 	Max Channels (voices):				  32
[2020.11.24-16.04.26:961][415]LogAudioMixer: Display: 	Number of Async Source Workers:		  0
[2020.11.24-16.04.26:961][415]LogAudio: Display: AudioDevice MaxSources: 32
[2020.11.24-16.04.26:961][415]LogAudio: Display: Using built-in audio occlusion.
[2020.11.24-16.04.26:961][415]LogAudioMixer: Display: Initializing audio mixer.
[2020.11.24-16.04.26:967][415]LogAudioMixer: Display: 0: FrontLeft
[2020.11.24-16.04.26:967][415]LogAudioMixer: Display: 1: FrontRight
[2020.11.24-16.04.26:983][415]LogAudioMixer: Display: Using Audio Device Auriculares (Oculus Virtual Audio Device)
[2020.11.24-16.04.26:983][415]LogAudioMixer: Display: Initializing Sound Submixes...
[2020.11.24-16.04.26:983][415]LogAudioMixer: Display: Creating Master Submix 'MasterSubmixDefault'
[2020.11.24-16.04.26:983][415]LogAudioMixer: Display: Creating Master Submix 'MasterReverbSubmixDefault'
[2020.11.24-16.04.26:984][415]LogAudioMixer: Display: Creating Master Submix 'MasterEQSubmixDefault'
[2020.11.24-16.04.27:001][415]LogInit: FAudioDevice initialized.
[2020.11.24-16.04.27:011][415]LogLoad: Game class is 'GameModeBase'
[2020.11.24-16.04.27:015][415]LogWorld: Bringing World /Game/Levels/UEDPIE_0_Test.Test up for play (max tick rate 0) at 2020.11.24-17.04.27
[2020.11.24-16.04.27:015][415]LogWorld: Bringing up level for play took: 0.003878
[2020.11.24-16.04.27:015][415]LogOnline: OSS: Creating online subsystem instance for: :Context_6
[2020.11.24-16.04.27:021][415]PIE: Server logged in
[2020.11.24-16.04.27:021][415]PIE: Play in editor total start time 0.123 seconds.
[2020.11.24-16.04.46:141][706]LogSlate: Updating window title bar state: overlay mode, drag disabled, window buttons hidden, title bar hidden
[2020.11.24-16.04.46:141][706]LogWorld: BeginTearingDown for /Game/Levels/UEDPIE_0_Test
[2020.11.24-16.04.46:141][706]LogWorld: UWorld::CleanupWorld for Test, bSessionEnded=true, bCleanupResources=true
[2020.11.24-16.04.46:142][706]LogSlate: InvalidateAllWidgets triggered.  All widgets were invalidated
[2020.11.24-16.04.46:150][706]LogPlayLevel: Display: Shutting down PIE online subsystems
[2020.11.24-16.04.46:151][706]LogSlate: InvalidateAllWidgets triggered.  All widgets were invalidated
[2020.11.24-16.04.46:185][706]LogSlate: Updating window title bar state: overlay mode, drag disabled, window buttons hidden, title bar hidden
[2020.11.24-16.04.46:186][706]LogAISub: UAISubsystem::~UAISubsystem AIPerceptionSystem (00000231E816BC40), frame # 28706
[2020.11.24-16.04.46:186][706]LogAISub: UAISubsystem::~UAISubsystem EnvQueryManager (00000231F48C7800), frame # 28706
[2020.11.24-16.04.46:187][706]LogUObjectHash: Compacting FUObjectHashTables data took   0.70ms
[2020.11.24-16.04.46:247][708]LogPlayLevel: Display: Destroying online subsystem :Context_6
[2020.11.24-16.06.08:195][525]LogEditorViewport: Clicking on Actor (LMB): Spawner_C (Spawner)
[2020.11.24-16.06.31:116][240]LogTemp: Repeating last play command: Selected Viewport
[2020.11.24-16.06.31:137][240]LogPlayLevel: PlayLevel: No blueprints needed recompiling
[2020.11.24-16.06.31:137][240]PIE: New page: PIE session: Test (Nov 24, 2020, 6:06:31 PM)
[2020.11.24-16.06.31:137][240]LogPlayLevel: Creating play world package: /Game/Levels/UEDPIE_0_Test
[2020.11.24-16.06.31:139][240]LogPlayLevel: PIE: StaticDuplicateObject took: (0.002531s)
[2020.11.24-16.06.31:142][240]LogAIModule: Creating AISystem for world Test
[2020.11.24-16.06.31:142][240]LogAISub: UAISubsystem::UAISubsystem EnvQueryManager (000002318B7DCC00), frame # 41240
[2020.11.24-16.06.31:142][240]LogAISub: UAISubsystem::UAISubsystem AIPerceptionSystem (0000023182412D40), frame # 41240
[2020.11.24-16.06.31:142][240]LogPlayLevel: PIE: World Init took: (0.001794s)
[2020.11.24-16.06.31:142][240]LogPlayLevel: PIE: Created PIE world by copying editor world from /Game/Levels/Test.Test to /Game/Levels/UEDPIE_0_Test.Test (0.004494s)
[2020.11.24-16.06.31:157][240]LogUObjectHash: Compacting FUObjectHashTables data took   0.79ms
[2020.11.24-16.06.31:159][240]LogAudioMixer: Display: Audio Mixer Platform Settings:
[2020.11.24-16.06.31:159][240]LogAudioMixer: Display: 	Sample Rate:						  48000
[2020.11.24-16.06.31:160][240]LogAudioMixer: Display: 	Callback Buffer Frame Size Requested: 1024
[2020.11.24-16.06.31:160][240]LogAudioMixer: Display: 	Callback Buffer Frame Size To Use:	  1024
[2020.11.24-16.06.31:160][240]LogAudioMixer: Display: 	Number of buffers to queue:			  2
[2020.11.24-16.06.31:160][240]LogAudioMixer: Display: 	Max Channels (voices):				  32
[2020.11.24-16.06.31:160][240]LogAudioMixer: Display: 	Number of Async Source Workers:		  0
[2020.11.24-16.06.31:160][240]LogAudio: Display: AudioDevice MaxSources: 32
[2020.11.24-16.06.31:160][240]LogAudio: Display: Using built-in audio occlusion.
[2020.11.24-16.06.31:160][240]LogAudioMixer: Display: Initializing audio mixer.
[2020.11.24-16.06.31:166][240]LogAudioMixer: Display: 0: FrontLeft
[2020.11.24-16.06.31:166][240]LogAudioMixer: Display: 1: FrontRight
[2020.11.24-16.06.31:188][240]LogAudioMixer: Display: Using Audio Device Auriculares (Oculus Virtual Audio Device)
[2020.11.24-16.06.31:188][240]LogAudioMixer: Display: Initializing Sound Submixes...
[2020.11.24-16.06.31:188][240]LogAudioMixer: Display: Creating Master Submix 'MasterSubmixDefault'
[2020.11.24-16.06.31:188][240]LogAudioMixer: Display: Creating Master Submix 'MasterReverbSubmixDefault'
[2020.11.24-16.06.31:189][240]LogAudioMixer: Display: Creating Master Submix 'MasterEQSubmixDefault'
[2020.11.24-16.06.31:209][240]LogInit: FAudioDevice initialized.
[2020.11.24-16.06.31:221][240]LogLoad: Game class is 'GameModeBase'
[2020.11.24-16.06.31:226][240]LogWorld: Bringing World /Game/Levels/UEDPIE_0_Test.Test up for play (max tick rate 0) at 2020.11.24-17.06.31
[2020.11.24-16.06.31:226][240]LogWorld: Bringing up level for play took: 0.003985
[2020.11.24-16.06.31:226][240]LogOnline: OSS: Creating online subsystem instance for: :Context_7
[2020.11.24-16.06.31:243][240]PIE: Server logged in
[2020.11.24-16.06.31:243][240]PIE: Play in editor total start time 0.107 seconds.
[2020.11.24-16.06.46:502][ 61]LogSlate: Updating window title bar state: overlay mode, drag disabled, window buttons hidden, title bar hidden
[2020.11.24-16.06.46:502][ 61]LogWorld: BeginTearingDown for /Game/Levels/UEDPIE_0_Test
[2020.11.24-16.06.46:502][ 61]LogWorld: UWorld::CleanupWorld for Test, bSessionEnded=true, bCleanupResources=true
[2020.11.24-16.06.46:503][ 61]LogSlate: InvalidateAllWidgets triggered.  All widgets were invalidated
[2020.11.24-16.06.46:513][ 61]LogPlayLevel: Display: Shutting down PIE online subsystems
[2020.11.24-16.06.46:514][ 61]LogSlate: InvalidateAllWidgets triggered.  All widgets were invalidated
[2020.11.24-16.06.46:549][ 61]LogSlate: Updating window title bar state: overlay mode, drag disabled, window buttons hidden, title bar hidden
[2020.11.24-16.06.46:550][ 61]LogAISub: UAISubsystem::~UAISubsystem AIPerceptionSystem (0000023182412D40), frame # 43061
[2020.11.24-16.06.46:550][ 61]LogAISub: UAISubsystem::~UAISubsystem EnvQueryManager (000002318B7DCC00), frame # 43061
[2020.11.24-16.06.46:551][ 61]LogUObjectHash: Compacting FUObjectHashTables data took   0.72ms
[2020.11.24-16.06.46:583][ 62]LogPlayLevel: Display: Destroying online subsystem :Context_7
[2020.11.24-16.07.05:151][252]LogEditorViewport: Clicking on Actor (LMB): BP_Sky_Sphere_C (Sky Sphere)
[2020.11.24-16.07.49:510][478]LogTemp: Repeating last play command: Selected Viewport
[2020.11.24-16.07.49:532][478]LogPlayLevel: PlayLevel: No blueprints needed recompiling
[2020.11.24-16.07.49:532][478]PIE: New page: PIE session: Test (Nov 24, 2020, 6:07:49 PM)
[2020.11.24-16.07.49:532][478]LogPlayLevel: Creating play world package: /Game/Levels/UEDPIE_0_Test
[2020.11.24-16.07.49:534][478]LogPlayLevel: PIE: StaticDuplicateObject took: (0.002270s)
[2020.11.24-16.07.49:536][478]LogAIModule: Creating AISystem for world Test
[2020.11.24-16.07.49:536][478]LogAISub: UAISubsystem::UAISubsystem EnvQueryManager (0000023182357600), frame # 50478
[2020.11.24-16.07.49:536][478]LogAISub: UAISubsystem::UAISubsystem AIPerceptionSystem (0000023182411300), frame # 50478
[2020.11.24-16.07.49:536][478]LogPlayLevel: PIE: World Init took: (0.001326s)
[2020.11.24-16.07.49:536][478]LogPlayLevel: PIE: Created PIE world by copying editor world from /Game/Levels/Test.Test to /Game/Levels/UEDPIE_0_Test.Test (0.003729s)
[2020.11.24-16.07.49:551][478]LogUObjectHash: Compacting FUObjectHashTables data took   0.77ms
[2020.11.24-16.07.49:553][478]LogAudioMixer: Display: Audio Mixer Platform Settings:
[2020.11.24-16.07.49:553][478]LogAudioMixer: Display: 	Sample Rate:						  48000
[2020.11.24-16.07.49:553][478]LogAudioMixer: Display: 	Callback Buffer Frame Size Requested: 1024
[2020.11.24-16.07.49:553][478]LogAudioMixer: Display: 	Callback Buffer Frame Size To Use:	  1024
[2020.11.24-16.07.49:553][478]LogAudioMixer: Display: 	Number of buffers to queue:			  2
[2020.11.24-16.07.49:553][478]LogAudioMixer: Display: 	Max Channels (voices):				  32
[2020.11.24-16.07.49:553][478]LogAudioMixer: Display: 	Number of Async Source Workers:		  0
[2020.11.24-16.07.49:553][478]LogAudio: Display: AudioDevice MaxSources: 32
[2020.11.24-16.07.49:553][478]LogAudio: Display: Using built-in audio occlusion.
[2020.11.24-16.07.49:553][478]LogAudioMixer: Display: Initializing audio mixer.
[2020.11.24-16.07.49:560][478]LogAudioMixer: Display: 0: FrontLeft
[2020.11.24-16.07.49:560][478]LogAudioMixer: Display: 1: FrontRight
[2020.11.24-16.07.49:577][478]LogAudioMixer: Display: Using Audio Device Auriculares (Oculus Virtual Audio Device)
[2020.11.24-16.07.49:577][478]LogAudioMixer: Display: Initializing Sound Submixes...
[2020.11.24-16.07.49:577][478]LogAudioMixer: Display: Creating Master Submix 'MasterSubmixDefault'
[2020.11.24-16.07.49:577][478]LogAudioMixer: Display: Creating Master Submix 'MasterReverbSubmixDefault'
[2020.11.24-16.07.49:578][478]LogAudioMixer: Display: Creating Master Submix 'MasterEQSubmixDefault'
[2020.11.24-16.07.49:596][478]LogInit: FAudioDevice initialized.
[2020.11.24-16.07.49:606][478]LogLoad: Game class is 'GameModeBase'
[2020.11.24-16.07.49:610][478]LogWorld: Bringing World /Game/Levels/UEDPIE_0_Test.Test up for play (max tick rate 0) at 2020.11.24-17.07.49
[2020.11.24-16.07.49:610][478]LogWorld: Bringing up level for play took: 0.004183
[2020.11.24-16.07.49:611][478]LogOnline: OSS: Creating online subsystem instance for: :Context_8
[2020.11.24-16.07.49:616][478]PIE: Server logged in
[2020.11.24-16.07.49:617][478]PIE: Play in editor total start time 0.086 seconds.
[2020.11.24-16.15.08:721][437]LogSlate: Updating window title bar state: overlay mode, drag disabled, window buttons hidden, title bar hidden
[2020.11.24-16.15.08:721][437]LogWorld: BeginTearingDown for /Game/Levels/UEDPIE_0_Test
[2020.11.24-16.15.08:721][437]LogWorld: UWorld::CleanupWorld for Test, bSessionEnded=true, bCleanupResources=true
[2020.11.24-16.15.08:722][437]LogSlate: InvalidateAllWidgets triggered.  All widgets were invalidated
[2020.11.24-16.15.08:731][437]LogPlayLevel: Display: Shutting down PIE online subsystems
[2020.11.24-16.15.08:733][437]LogSlate: InvalidateAllWidgets triggered.  All widgets were invalidated
[2020.11.24-16.15.08:748][437]LogSlate: Updating window title bar state: overlay mode, drag disabled, window buttons hidden, title bar hidden
[2020.11.24-16.15.08:769][437]LogAISub: UAISubsystem::~UAISubsystem AIPerceptionSystem (0000023182411300), frame # 63437
[2020.11.24-16.15.08:769][437]LogAISub: UAISubsystem::~UAISubsystem EnvQueryManager (0000023182357600), frame # 63437
[2020.11.24-16.15.08:770][437]LogUObjectHash: Compacting FUObjectHashTables data took   0.80ms
[2020.11.24-16.15.08:800][438]LogPlayLevel: Display: Destroying online subsystem :Context_8
[2020.11.24-16.15.13:884][ 39]LogAssetEditorSubsystem: Opening Asset editor for World /Game/Levels/Test.Test
[2020.11.24-16.15.13:901][ 39]LogUObjectHash: Compacting FUObjectHashTables data took   0.68ms
[2020.11.24-16.15.15:520][ 39]LogSlate: Window 'Save Content' being destroyed
[2020.11.24-16.22.12:087][610]LogUObjectHash: Compacting FUObjectHashTables data took   0.35ms
[2020.11.24-16.22.12:151][610]LogSavePackage: Moving '../../../../../../01-ALMACEN/00-VENDING MACHINE/UNREAL MOTO EMUP/REPO/Bof-Ops/Saved/Test_Auto105EB18C347592E3AC1F79F934501FCAB.tmp' to '../../../../../../01-ALMACEN/00-VENDING MACHINE/UNREAL MOTO EMUP/REPO/Bof-Ops/Saved/Autosaves/Game/Levels/Test_Auto1.umap'
[2020.11.24-16.22.12:154][610]LogFileHelpers: Editor autosave (incl. sublevels) for '/Game/Levels/Test' took 0.082
[2020.11.24-16.22.12:154][610]LogFileHelpers: Editor autosave (incl. sublevels) for all levels took 0.082
[2020.11.24-16.32.12:806][401]LogUObjectHash: Compacting FUObjectHashTables data took   0.31ms
[2020.11.24-16.32.12:807][401]LogFileHelpers: Editor autosave (incl. sublevels) for '/Game/Levels/Test' took 0.017
[2020.11.24-16.42.13:255][190]LogUObjectHash: Compacting FUObjectHashTables data took   0.29ms
[2020.11.24-16.42.13:256][190]LogFileHelpers: Editor autosave (incl. sublevels) for '/Game/Levels/Test' took 0.016
[2020.11.24-16.52.13:681][404]LogUObjectHash: Compacting FUObjectHashTables data took   0.32ms
[2020.11.24-16.52.13:683][404]LogFileHelpers: Editor autosave (incl. sublevels) for '/Game/Levels/Test' took 0.015
[2020.11.24-17.02.14:286][198]LogUObjectHash: Compacting FUObjectHashTables data took   0.34ms
[2020.11.24-17.02.14:288][198]LogFileHelpers: Editor autosave (incl. sublevels) for '/Game/Levels/Test' took 0.017
[2020.11.24-17.12.14:872][597]LogUObjectHash: Compacting FUObjectHashTables data took   0.39ms
[2020.11.24-17.12.14:873][597]LogFileHelpers: Editor autosave (incl. sublevels) for '/Game/Levels/Test' took 0.016
[2020.11.24-17.21.30:229][254]LogAudioMixer: Warning: Changing default audio render device to new device: {0.0.0.00000000}.{de88c11b-1ab7-45df-aa05-f7289943cb42}.
[2020.11.24-17.21.30:229][254]LogTemp: Resetting audio stream to device id 
[2020.11.24-17.21.30:259][254]LogAudioMixer: Display: 0: FrontLeft
[2020.11.24-17.21.30:259][254]LogAudioMixer: Display: 1: FrontRight
[2020.11.24-17.22.15:595][389]LogUObjectHash: Compacting FUObjectHashTables data took   0.34ms
[2020.11.24-17.22.15:596][389]LogFileHelpers: Editor autosave (incl. sublevels) for '/Game/Levels/Test' took 0.016
[2020.11.24-17.32.16:300][178]LogUObjectHash: Compacting FUObjectHashTables data took   0.35ms
[2020.11.24-17.32.16:301][178]LogFileHelpers: Editor autosave (incl. sublevels) for '/Game/Levels/Test' took 0.017
[2020.11.24-17.42.17:020][970]LogUObjectHash: Compacting FUObjectHashTables data took   0.35ms
[2020.11.24-17.42.17:021][970]LogFileHelpers: Editor autosave (incl. sublevels) for '/Game/Levels/Test' took 0.016
[2020.11.24-17.43.50:046][789]Cmd: OBJ SAVEPACKAGE PACKAGE="/Game/Levels/Test" FILE="../../../../../../01-ALMACEN/00-VENDING MACHINE/UNREAL MOTO EMUP/REPO/Bof-Ops/Content/Levels/Test.umap" SILENT=true AUTOSAVING=false KEEPDIRTY=false
[2020.11.24-17.43.50:067][789]LogUObjectHash: Compacting FUObjectHashTables data took   0.28ms
[2020.11.24-17.43.50:100][789]LogSavePackage: Moving '../../../../../../01-ALMACEN/00-VENDING MACHINE/UNREAL MOTO EMUP/REPO/Bof-Ops/Saved/Test800E64774CBED84B03E1588B2C14A8D7.tmp' to '../../../../../../01-ALMACEN/00-VENDING MACHINE/UNREAL MOTO EMUP/REPO/Bof-Ops/Content/Levels/Test.umap'
[2020.11.24-17.43.50:158][789]Cmd: OBJ SAVEPACKAGE PACKAGE="/Game/Levels/Test_BuiltData" FILE="../../../../../../01-ALMACEN/00-VENDING MACHINE/UNREAL MOTO EMUP/REPO/Bof-Ops/Content/Levels/Test_BuiltData.uasset" SILENT=true
[2020.11.24-17.43.50:181][789]LogSavePackage: Moving '../../../../../../01-ALMACEN/00-VENDING MACHINE/UNREAL MOTO EMUP/REPO/Bof-Ops/Saved/Test_BuiltData37A06B844A86020A001826A3B48212AF.tmp' to '../../../../../../01-ALMACEN/00-VENDING MACHINE/UNREAL MOTO EMUP/REPO/Bof-Ops/Content/Levels/Test_BuiltData.uasset'
[2020.11.24-17.43.50:191][789]AssetCheck: New page: Asset Save: multiple assets
[2020.11.24-17.43.50:191][789]LogContentValidation: Display: Validating World /Game/Levels/Test.Test
[2020.11.24-17.43.50:191][789]LogContentValidation: Display: Validating MapBuildDataRegistry /Game/Levels/Test_BuiltData.Test_BuiltData
[2020.11.24-17.43.53:161][143]Cmd: OBJ SAVEPACKAGE PACKAGE="/Game/Levels/Test" FILE="../../../../../../01-ALMACEN/00-VENDING MACHINE/UNREAL MOTO EMUP/REPO/Bof-Ops/Content/Levels/Test.umap" SILENT=true AUTOSAVING=false KEEPDIRTY=false
[2020.11.24-17.43.53:176][143]LogUObjectHash: Compacting FUObjectHashTables data took   0.29ms
[2020.11.24-17.43.53:196][143]LogSavePackage: Moving '../../../../../../01-ALMACEN/00-VENDING MACHINE/UNREAL MOTO EMUP/REPO/Bof-Ops/Saved/Test4F7A18D540724E4A309856900606BB48.tmp' to '../../../../../../01-ALMACEN/00-VENDING MACHINE/UNREAL MOTO EMUP/REPO/Bof-Ops/Content/Levels/Test.umap'
[2020.11.24-17.43.53:237][143]Cmd: OBJ SAVEPACKAGE PACKAGE="/Game/Levels/Test_BuiltData" FILE="../../../../../../01-ALMACEN/00-VENDING MACHINE/UNREAL MOTO EMUP/REPO/Bof-Ops/Content/Levels/Test_BuiltData.uasset" SILENT=true
[2020.11.24-17.43.53:252][143]LogSavePackage: Moving '../../../../../../01-ALMACEN/00-VENDING MACHINE/UNREAL MOTO EMUP/REPO/Bof-Ops/Saved/Test_BuiltData234192854EE93EBC58F901BB8A405C52.tmp' to '../../../../../../01-ALMACEN/00-VENDING MACHINE/UNREAL MOTO EMUP/REPO/Bof-Ops/Content/Levels/Test_BuiltData.uasset'
[2020.11.24-17.43.53:261][143]AssetCheck: New page: Asset Save: multiple assets
[2020.11.24-17.43.53:261][143]LogContentValidation: Display: Validating World /Game/Levels/Test.Test
[2020.11.24-17.43.53:261][143]LogContentValidation: Display: Validating MapBuildDataRegistry /Game/Levels/Test_BuiltData.Test_BuiltData
